 1, 1,  ,0000002027,          ,12, 1, 6, 4, 8,  ,  ,  ,  ,  ,          ,          ,        ,
 1, 1,  ,0000002012,          ,12,23, 6, 4, 8,  ,  ,  ,  ,  ,          ,          ,        ,
 1, 1,  ,0000001145,          ,12,54, 6, 4, 8,  ,  ,  ,  ,  ,          ,          ,        ,
 1, 1,  ,0000002028,          ,13, 2, 6, 4, 8,  ,  ,  ,  ,  ,          ,          ,        ,
 1, 1,  ,0000001093,          ,13, 3, 6, 4, 8,  ,  ,  ,  ,  ,          ,          ,        ,
 1, 1,  ,0000003029,          ,13, 7, 6, 4, 8,  ,  ,  ,  ,  ,          ,          ,        ,
 1, 1,  ,0000001077,          ,13, 7, 6, 4, 8,  ,  ,  ,  ,  ,          ,          ,        ,
 1, 1,  ,0000002007,          ,13,18, 6, 4, 8,  ,  ,  ,  ,  ,          ,          ,        ,
 1, 1,  ,0000002030,          ,13,24, 6, 4, 8,  ,  ,  ,  ,  ,          ,          ,        ,
 1, 1,  ,0000002035,          ,13,30, 6, 4, 8,  ,  ,  ,  ,  ,          ,          ,        ,
 1, 1,  ,0000001153,          ,13,30, 6, 4, 8,  ,  ,  ,  ,  ,          ,          ,        ,
 1, 1,  ,0000001134,          ,13,31, 6, 4, 8,  ,  ,  ,  ,  ,          ,          ,        ,
 1, 1,  ,0000001151,          ,13,48, 6, 4, 8,  ,  ,  ,  ,  ,          ,          ,        ,
 1, 1,  ,0000001137,          ,13,59, 6, 4, 8,  ,  ,  ,  ,  ,          ,          ,        ,
 1, 1,  ,0000001138,          ,14, 0, 6, 4, 8,  ,  ,  ,  ,  ,          ,          ,        ,
 1, 1,  ,0000001102,          ,14, 2, 6, 4, 8,  ,  ,  ,  ,  ,          ,          ,        ,
 1, 1,  ,0000001012,          ,14,17, 6, 4, 8,  ,  ,  ,  ,  ,          ,          ,        ,
 1, 1,  ,0000001063,          ,14,39, 6, 4, 8,  ,  ,  ,  ,  ,          ,          ,        ,
 1, 1,  ,0000001193,          ,14,47, 6, 4, 8,  ,  ,  ,  ,  ,          ,          ,        ,
 1, 1,  ,0000001122,          ,14,47, 6, 4, 8,  ,  ,  ,  ,  ,          ,          ,        ,
 1, 1,  ,0000001194,          ,14,48, 6, 4, 8,  ,  ,  ,  ,  ,          ,          ,        ,
 1, 1,  ,0000002003,          ,14,55, 6, 4, 8,  ,  ,  ,  ,  ,          ,          ,        ,
 1, 1,  ,0000001146,          ,14,57, 6, 4, 8,  ,  ,  ,  ,  ,          ,          ,        ,
 1, 1,  ,0000001139,          ,14,59, 6, 4, 8,  ,  ,  ,  ,  ,          ,          ,        ,
 1, 1,  ,0000001173,          ,15, 1, 6, 4, 8,  ,  ,  ,  ,  ,          ,          ,        ,
 1, 1,  ,0000001171,          ,15, 1, 6, 4, 8,  ,  ,  ,  ,  ,          ,          ,        ,
 1, 1,  ,0000001008,          ,15, 1, 6, 4, 8,  ,  ,  ,  ,  ,          ,          ,        ,
 1, 1,  ,0000002018,          ,15, 1, 6, 4, 8,  ,  ,  ,  ,  ,          ,          ,        ,
 1, 1,  ,0000001160,          ,15, 1, 6, 4, 8,  ,  ,  ,  ,  ,          ,          ,        ,
 1, 1,  ,0000001144,          ,15, 1, 6, 4, 8,  ,  ,  ,  ,  ,          ,          ,        ,
 1, 1,  ,0000001166,          ,15, 1, 6, 4, 8,  ,  ,  ,  ,  ,          ,          ,        ,
 1, 1,  ,0000001030,          ,15, 1, 6, 4, 8,  ,  ,  ,  ,  ,          ,          ,        ,
 1, 1,  ,0000001055,          ,15, 2, 6, 4, 8,  ,  ,  ,  ,  ,          ,          ,        ,
 1, 1,  ,0000002026,          ,15, 2, 6, 4, 8,  ,  ,  ,  ,  ,          ,          ,        ,
 1, 1,  ,0000001140,          ,15, 3, 6, 4, 8,  ,  ,  ,  ,  ,          ,          ,        ,
 1, 1,  ,0000001188,          ,15, 3, 6, 4, 8,  ,  ,  ,  ,  ,          ,          ,        ,
 1, 1,  ,0000001123,          ,15, 5, 6, 4, 8,  ,  ,  ,  ,  ,          ,          ,        ,
 1, 1,  ,0000001152,          ,15, 5, 6, 4, 8,  ,  ,  ,  ,  ,          ,          ,        ,
 1, 1,  ,0000001168,          ,15, 6, 6, 4, 8,  ,  ,  ,  ,  ,          ,          ,        ,
 1, 1,  ,0000001130,          ,15, 7, 6, 4, 8,  ,  ,  ,  ,  ,          ,          ,        ,
 1, 1,  ,0000001075,          ,15, 8, 6, 4, 8,  ,  ,  ,  ,  ,          ,          ,        ,
 1, 1,  ,0000001158,          ,15, 8, 6, 4, 8,  ,  ,  ,  ,  ,          ,          ,        ,
 1, 1,  ,0000002021,          ,15, 8, 6, 4, 8,  ,  ,  ,  ,  ,          ,          ,        ,
 1, 1,  ,0000001192,          ,15, 9, 6, 4, 8,  ,  ,  ,  ,  ,          ,          ,        ,
 1, 1,  ,0000001175,          ,15,10, 6, 4, 8,  ,  ,  ,  ,  ,          ,          ,        ,
 1, 1,  ,0000001176,          ,15,10, 6, 4, 8,  ,  ,  ,  ,  ,          ,          ,        ,
 1, 1,  ,0000001106,          ,15,10, 6, 4, 8,  ,  ,  ,  ,  ,          ,          ,        ,
 1, 1,  ,0000002038,          ,15,11, 6, 4, 8,  ,  ,  ,  ,  ,          ,          ,        ,
 1, 1,  ,0000002032,          ,15,28, 6, 4, 8,  ,  ,  ,  ,  ,          ,          ,        ,
 1, 1,  ,0000001183,          ,15,35, 6, 4, 8,  ,  ,  ,  ,  ,          ,          ,        ,
 1, 1,  ,0000001136,          ,15,35, 6, 4, 8,  ,  ,  ,  ,  ,          ,          ,        ,
 1, 1,  ,0000001161,          ,15,35, 6, 4, 8,  ,  ,  ,  ,  ,          ,          ,        ,
 1, 1,  ,0000002036,          ,15,43, 6, 4, 8,  ,  ,  ,  ,  ,          ,          ,        ,
 1, 1,  ,0000002044,          ,15,55, 6, 4, 8,  ,  ,  ,  ,  ,          ,          ,        ,
 1, 1,  ,0000001068,          ,16, 1, 6, 4, 8,  ,  ,  ,  ,  ,          ,          ,        ,
 1, 1,  ,0000002009,          ,16,10, 6, 4, 8,  ,  ,  ,  ,  ,          ,          ,        ,
 1, 1,  ,0000001180,          ,16,24, 6, 4, 8,  ,  ,  ,  ,  ,          ,          ,        ,
 1, 1,  ,0000001180,          ,16,24, 6, 4, 8,  ,  ,  ,  ,  ,          ,          ,        ,
 1, 1,  ,0000001155,          ,16,24, 6, 4, 8,  ,  ,  ,  ,  ,          ,          ,        ,
 1, 1,  ,0000003016,          ,16,31, 6, 4, 8,  ,  ,  ,  ,  ,          ,          ,        ,
 1, 1,  ,0000003019,          ,16,31, 6, 4, 8,  ,  ,  ,  ,  ,          ,          ,        ,
 1, 1,  ,0000003022,          ,16,33, 6, 4, 8,  ,  ,  ,  ,  ,          ,          ,        ,
 1, 1,  ,0000003027,          ,16,36, 6, 4, 8,  ,  ,  ,  ,  ,          ,          ,        ,
 1, 1,  ,0000002031,          ,16,36, 6, 4, 8,  ,  ,  ,  ,  ,          ,          ,        ,
 1, 1,  ,0000001186,          ,16,40, 6, 4, 8,  ,  ,  ,  ,  ,          ,          ,        ,
 1, 1,  ,0000001074,          ,16,42, 6, 4, 8,  ,  ,  ,  ,  ,          ,          ,        ,
 1, 1,  ,0000002005,          ,16,44, 6, 4, 8,  ,  ,  ,  ,  ,          ,          ,        ,
 1, 1,  ,0000003031,          ,16,55, 6, 4, 8,  ,  ,  ,  ,  ,          ,          ,        ,
 1, 1,  ,0000002037,          ,17, 0, 6, 4, 8,  ,  ,  ,  ,  ,          ,          ,        ,
 1, 1,  ,0000001113,          ,17, 0, 6, 4, 8,  ,  ,  ,  ,  ,          ,          ,        ,
 1, 1,  ,0000003030,          ,17, 4, 6, 4, 8,  ,  ,  ,  ,  ,          ,          ,        ,
 1, 1,  ,0000002041,          ,17, 5, 6, 4, 8,  ,  ,  ,  ,  ,          ,          ,        ,
 1, 1,  ,0000002041,          ,17, 5, 6, 4, 8,  ,  ,  ,  ,  ,          ,          ,        ,
 1, 1,  ,0000001100,          ,17,30, 6, 4, 8,  ,  ,  ,  ,  ,          ,          ,        ,
 1, 1,  ,0000003026,          ,17,55, 6, 4, 8,  ,  ,  ,  ,  ,          ,          ,        ,
 1, 1,  ,0000001069,          ,18, 4, 6, 4, 8,  ,  ,  ,  ,  ,          ,          ,        ,
 1, 1,  ,0000001096,          ,18, 4, 6, 4, 8,  ,  ,  ,  ,  ,          ,          ,        ,
 1, 1,  ,0000001141,          ,18,12, 6, 4, 8,  ,  ,  ,  ,  ,          ,          ,        ,
 1, 1,  ,0000001167,          ,18,13, 6, 4, 8,  ,  ,  ,  ,  ,          ,          ,        ,
 1, 1,  ,0000002016,          ,18,17, 6, 4, 8,  ,  ,  ,  ,  ,          ,          ,        ,
 1, 1,  ,0000001132,          ,18,20, 6, 4, 8,  ,  ,  ,  ,  ,          ,          ,        ,
 1, 1,  ,0000001117,          ,18,20, 6, 4, 8,  ,  ,  ,  ,  ,          ,          ,        ,
 1, 1,  ,0000001054,          ,18,21, 6, 4, 8,  ,  ,  ,  ,  ,          ,          ,        ,
 1, 1,  ,0000001163,          ,18,22, 6, 4, 8,  ,  ,  ,  ,  ,          ,          ,        ,
 1, 1,  ,0000001169,          ,18,22, 6, 4, 8,  ,  ,  ,  ,  ,          ,          ,        ,
 1, 1,  ,0000001184,          ,18,27, 6, 4, 8,  ,  ,  ,  ,  ,          ,          ,        ,
 1, 1,  ,0000001118,          ,18,28, 6, 4, 8,  ,  ,  ,  ,  ,          ,          ,        ,
 1, 1,  ,0000003003,          ,18,50, 6, 4, 8,  ,  ,  ,  ,  ,          ,          ,        ,
 1, 1,  ,0000001067,          ,19, 0, 6, 4, 8,  ,  ,  ,  ,  ,          ,          ,        ,
 1, 1,  ,0000002040,          ,19, 0, 6, 4, 8,  ,  ,  ,  ,  ,          ,          ,        ,
 1, 1,  ,0000001187,          ,19, 0, 6, 4, 8,  ,  ,  ,  ,  ,          ,          ,        ,
 1, 1,  ,0000001128,          ,19, 1, 6, 4, 8,  ,  ,  ,  ,  ,          ,          ,        ,
 1, 1,  ,0000001191,          ,19, 1, 6, 4, 8,  ,  ,  ,  ,  ,          ,          ,        ,
 1, 1,  ,0000001085,          ,19, 1, 6, 4, 8,  ,  ,  ,  ,  ,          ,          ,        ,
 1, 1,  ,0000001179,          ,19, 1, 6, 4, 8,  ,  ,  ,  ,  ,          ,          ,        ,
 1, 1,  ,0000002043,          ,19, 1, 6, 4, 8,  ,  ,  ,  ,  ,          ,          ,        ,
 1, 1,  ,0000001149,          ,19, 9, 6, 4, 8,  ,  ,  ,  ,  ,          ,          ,        ,
 1, 1,  ,0000002026,          ,23, 4, 6, 4, 8,  ,  ,  ,  ,  ,          ,          ,        ,
 1, 1,  ,0000002003,          ,23, 6, 6, 4, 8,  ,  ,  ,  ,  ,          ,          ,        ,
 1, 1,  ,0000001140,          ,23,17, 6, 4, 8,  ,  ,  ,  ,  ,          ,          ,        ,
 1, 1,  ,0000002018,          ,23,27, 6, 4, 8,  ,  ,  ,  ,  ,          ,          ,        ,
 1, 1,  ,0000001166,          ,23,37, 6, 4, 8,  ,  ,  ,  ,  ,          ,          ,        ,
 1, 1,  ,0000001093,          ,23,38, 6, 4, 8,  ,  ,  ,  ,  ,          ,          ,        ,
 1, 1,  ,0000001193,          ,23,38, 6, 4, 8,  ,  ,  ,  ,  ,          ,          ,        ,
 1, 1,  ,0000001146,          ,23,42, 6, 4, 8,  ,  ,  ,  ,  ,          ,          ,        ,
 1, 1,  ,0000001160,          , 0, 3, 6, 5, 8,  ,  ,  ,  ,  ,          ,          ,        ,
 1, 1,  ,0000001194,          , 0, 6, 6, 5, 8,  ,  ,  ,  ,  ,          ,          ,        ,
 1, 1,  ,0000001137,          , 0,10, 6, 5, 8,  ,  ,  ,  ,  ,          ,          ,        ,
 1, 1,  ,0000001139,          , 0,11, 6, 5, 8,  ,  ,  ,  ,  ,          ,          ,        ,
 1, 1,  ,0000002028,          , 4,27, 6, 5, 8,  ,  ,  ,  ,  ,          ,          ,        ,
 1, 1,  ,0000001102,          , 4,29, 6, 5, 8,  ,  ,  ,  ,  ,          ,          ,        ,
 1, 1,  ,0000001192,          , 4,42, 6, 5, 8,  ,  ,  ,  ,  ,          ,          ,        ,
 1, 1,  ,0000001184,          , 4,46, 6, 5, 8,  ,  ,  ,  ,  ,          ,          ,        ,
 1, 1,  ,0000001138,          , 4,46, 6, 5, 8,  ,  ,  ,  ,  ,          ,          ,        ,
 1, 1,  ,0000001188,          , 4,47, 6, 5, 8,  ,  ,  ,  ,  ,          ,          ,        ,
 1, 1,  ,0000002003,          , 4,47, 6, 5, 8,  ,  ,  ,  ,  ,          ,          ,        ,
 1, 1,  ,0000001077,          , 4,48, 6, 5, 8,  ,  ,  ,  ,  ,          ,          ,        ,
 1, 1,  ,0000001134,          , 4,52, 6, 5, 8,  ,  ,  ,  ,  ,          ,          ,        ,
 1, 1,  ,0000001063,          , 4,52, 6, 5, 8,  ,  ,  ,  ,  ,          ,          ,        ,
 1, 1,  ,0000001132,          , 4,52, 6, 5, 8,  ,  ,  ,  ,  ,          ,          ,        ,
 1, 1,  ,0000001171,          , 4,53, 6, 5, 8,  ,  ,  ,  ,  ,          ,          ,        ,
 1, 1,  ,0000001153,          , 4,56, 6, 5, 8,  ,  ,  ,  ,  ,          ,          ,        ,
 1, 1,  ,0000001151,          , 4,58, 6, 5, 8,  ,  ,  ,  ,  ,          ,          ,        ,
 1, 1,  ,0000001167,          , 5, 0, 6, 5, 8,  ,  ,  ,  ,  ,          ,          ,        ,
 1, 1,  ,0000001163,          , 5, 1, 6, 5, 8,  ,  ,  ,  ,  ,          ,          ,        ,
 1, 1,  ,0000001168,          , 5, 2, 6, 5, 8,  ,  ,  ,  ,  ,          ,          ,        ,
 1, 1,  ,0000001055,          , 5, 2, 6, 5, 8,  ,  ,  ,  ,  ,          ,          ,        ,
 1, 1,  ,0000001055,          , 5, 2, 6, 5, 8,  ,  ,  ,  ,  ,          ,          ,        ,
 1, 1,  ,0000002030,          , 5, 4, 6, 5, 8,  ,  ,  ,  ,  ,          ,          ,        ,
 1, 1,  ,0000002035,          , 5, 4, 6, 5, 8,  ,  ,  ,  ,  ,          ,          ,        ,
 1, 1,  ,0000003029,          , 5, 5, 6, 5, 8,  ,  ,  ,  ,  ,          ,          ,        ,
 1, 1,  ,0000001106,          , 5,29, 6, 5, 8,  ,  ,  ,  ,  ,          ,          ,        ,
 1, 1,  ,0000001075,          , 5,55, 6, 5, 8,  ,  ,  ,  ,  ,          ,          ,        ,
 1, 1,  ,0000001177,          , 5,56, 6, 5, 8,  ,  ,  ,  ,  ,          ,          ,        ,
 1, 1,  ,0000002032,          , 5,58, 6, 5, 8,  ,  ,  ,  ,  ,          ,          ,        ,
 1, 1,  ,0000001130,          , 5,59, 6, 5, 8,  ,  ,  ,  ,  ,          ,          ,        ,
 1, 1,  ,0000001158,          , 5,59, 6, 5, 8,  ,  ,  ,  ,  ,          ,          ,        ,
 1, 1,  ,0000001008,          , 5,59, 6, 5, 8,  ,  ,  ,  ,  ,          ,          ,        ,
 1, 1,  ,0000001144,          , 6, 0, 6, 5, 8,  ,  ,  ,  ,  ,          ,          ,        ,
 1, 1,  ,0000002036,          , 6, 5, 6, 5, 8,  ,  ,  ,  ,  ,          ,          ,        ,
 1, 1,  ,0000001030,          , 6,25, 6, 5, 8,  ,  ,  ,  ,  ,          ,          ,        ,
 1, 1,  ,0000002012,          , 6,41, 6, 5, 8,  ,  ,  ,  ,  ,          ,          ,        ,
 1, 1,  ,0000001117,          , 6,42, 6, 5, 8,  ,  ,  ,  ,  ,          ,          ,        ,
 1, 1,  ,0000001146,          , 6,48, 6, 5, 8,  ,  ,  ,  ,  ,          ,          ,        ,
 1, 1,  ,0000001054,          , 6,48, 6, 5, 8,  ,  ,  ,  ,  ,          ,          ,        ,
 1, 1,  ,0000001136,          , 6,51, 6, 5, 8,  ,  ,  ,  ,  ,          ,          ,        ,
 1, 1,  ,0000001122,          , 6,51, 6, 5, 8,  ,  ,  ,  ,  ,          ,          ,        ,
 1, 1,  ,0000002044,          , 6,53, 6, 5, 8,  ,  ,  ,  ,  ,          ,          ,        ,
 1, 1,  ,0000001012,          , 6,54, 6, 5, 8,  ,  ,  ,  ,  ,          ,          ,        ,
 1, 1,  ,0000002038,          , 6,55, 6, 5, 8,  ,  ,  ,  ,  ,          ,          ,        ,
 1, 1,  ,0000001194,          , 6,55, 6, 5, 8,  ,  ,  ,  ,  ,          ,          ,        ,
 1, 1,  ,0000001068,          , 6,56, 6, 5, 8,  ,  ,  ,  ,  ,          ,          ,        ,
 1, 1,  ,0000001113,          , 6,56, 6, 5, 8,  ,  ,  ,  ,  ,          ,          ,        ,
 1, 1,  ,0000002007,          , 6,56, 6, 5, 8,  ,  ,  ,  ,  ,          ,          ,        ,
 1, 1,  ,0000001152,          , 6,58, 6, 5, 8,  ,  ,  ,  ,  ,          ,          ,        ,
 1, 1,  ,0000001128,          , 6,59, 6, 5, 8,  ,  ,  ,  ,  ,          ,          ,        ,
 1, 1,  ,0000002021,          , 6,59, 6, 5, 8,  ,  ,  ,  ,  ,          ,          ,        ,
 1, 1,  ,0000001085,          , 7, 1, 6, 5, 8,  ,  ,  ,  ,  ,          ,          ,        ,
 1, 1,  ,0000001164,          , 7, 1, 6, 5, 8,  ,  ,  ,  ,  ,          ,          ,        ,
 1, 1,  ,0000002027,          , 7, 2, 6, 5, 8,  ,  ,  ,  ,  ,          ,          ,        ,
 1, 1,  ,0000001069,          , 7, 2, 6, 5, 8,  ,  ,  ,  ,  ,          ,          ,        ,
 1, 1,  ,0000001118,          , 7, 3, 6, 5, 8,  ,  ,  ,  ,  ,          ,          ,        ,
 1, 1,  ,0000001161,          , 7, 4, 6, 5, 8,  ,  ,  ,  ,  ,          ,          ,        ,
 1, 1,  ,0000002031,          , 7, 4, 6, 5, 8,  ,  ,  ,  ,  ,          ,          ,        ,
 1, 1,  ,0000003026,          , 7, 4, 6, 5, 8,  ,  ,  ,  ,  ,          ,          ,        ,
 1, 1,  ,0000001123,          , 7, 5, 6, 5, 8,  ,  ,  ,  ,  ,          ,          ,        ,
 1, 1,  ,0000002040,          , 7, 6, 6, 5, 8,  ,  ,  ,  ,  ,          ,          ,        ,
 1, 1,  ,0000001141,          , 7, 8, 6, 5, 8,  ,  ,  ,  ,  ,          ,          ,        ,
 1, 1,  ,0000001183,          , 7,25, 6, 5, 8,  ,  ,  ,  ,  ,          ,          ,        ,
 1, 1,  ,0000002005,          , 7,29, 6, 5, 8,  ,  ,  ,  ,  ,          ,          ,        ,
 1, 1,  ,0000002005,          , 7,31, 6, 5, 8,  ,  ,  ,  ,  ,          ,          ,        ,
 1, 1,  ,0000003027,          , 7,49, 6, 5, 8,  ,  ,  ,  ,  ,          ,          ,        ,
 1, 1,  ,0000003030,          , 7,56, 6, 5, 8,  ,  ,  ,  ,  ,          ,          ,        ,
 1, 1,  ,0000001186,          , 7,57, 6, 5, 8,  ,  ,  ,  ,  ,          ,          ,        ,
 1, 1,  ,0000003031,          , 8, 5, 6, 5, 8,  ,  ,  ,  ,  ,          ,          ,        ,
 1, 1,  ,0000002009,          , 8, 6, 6, 5, 8,  ,  ,  ,  ,  ,          ,          ,        ,
 1, 1,  ,0000003016,          , 8,11, 6, 5, 8,  ,  ,  ,  ,  ,          ,          ,        ,
 1, 1,  ,0000002016,          , 8,15, 6, 5, 8,  ,  ,  ,  ,  ,          ,          ,        ,
 1, 1,  ,0000001149,          , 8,18, 6, 5, 8,  ,  ,  ,  ,  ,          ,          ,        ,
 1, 1,  ,0000001067,          , 8,21, 6, 5, 8,  ,  ,  ,  ,  ,          ,          ,        ,
 1, 1,  ,0000003019,          , 8,25, 6, 5, 8,  ,  ,  ,  ,  ,          ,          ,        ,
 1, 1,  ,0000003022,          , 8,26, 6, 5, 8,  ,  ,  ,  ,  ,          ,          ,        ,
 1, 1,  ,0000001169,          , 8,39, 6, 5, 8,  ,  ,  ,  ,  ,          ,          ,        ,
 1, 1,  ,0000001179,          , 8,53, 6, 5, 8,  ,  ,  ,  ,  ,          ,          ,        ,
 1, 1,  ,0000002037,          , 8,54, 6, 5, 8,  ,  ,  ,  ,  ,          ,          ,        ,
 1, 1,  ,0000001175,          , 8,58, 6, 5, 8,  ,  ,  ,  ,  ,          ,          ,        ,
 1, 1,  ,0000001096,          , 9, 3, 6, 5, 8,  ,  ,  ,  ,  ,          ,          ,        ,
 1, 1,  ,0000001100,          , 9,27, 6, 5, 8,  ,  ,  ,  ,  ,          ,          ,        ,
 1, 1,  ,0000001137,          , 9,53, 6, 5, 8,  ,  ,  ,  ,  ,          ,          ,        ,
 1, 1,  ,0000001193,          , 9,54, 6, 5, 8,  ,  ,  ,  ,  ,          ,          ,        ,
 1, 1,  ,0000001142,          , 9,59, 6, 5, 8,  ,  ,  ,  ,  ,          ,          ,        ,
 1, 1,  ,0000002018,          , 9,59, 6, 5, 8,  ,  ,  ,  ,  ,          ,          ,        ,
 1, 1,  ,0000002018,          , 9,59, 6, 5, 8,  ,  ,  ,  ,  ,          ,          ,        ,
 1, 1,  ,0000001135,          , 9,59, 6, 5, 8,  ,  ,  ,  ,  ,          ,          ,        ,
 1, 1,  ,0000001166,          ,10, 1, 6, 5, 8,  ,  ,  ,  ,  ,          ,          ,        ,
 1, 1,  ,0000002026,          ,10, 3, 6, 5, 8,  ,  ,  ,  ,  ,          ,          ,        ,
 1, 1,  ,0000001191,          ,10, 5, 6, 5, 8,  ,  ,  ,  ,  ,          ,          ,        ,
 1, 1,  ,0000001180,          ,10, 7, 6, 5, 8,  ,  ,  ,  ,  ,          ,          ,        ,
 1, 1,  ,0000001145,          ,10,10, 6, 5, 8,  ,  ,  ,  ,  ,          ,          ,        ,
 1, 1,  ,0000001160,          ,11, 1, 6, 5, 8,  ,  ,  ,  ,  ,          ,          ,        ,
 1, 1,  ,0000001140,          ,11, 9, 6, 5, 8,  ,  ,  ,  ,  ,          ,          ,        ,
 1, 1,  ,0000003003,          ,11,10, 6, 5, 8,  ,  ,  ,  ,  ,          ,          ,        ,
 1, 1,  ,0000001139,          ,11,59, 6, 5, 8,  ,  ,  ,  ,  ,          ,          ,        ,
 1, 1,  ,0000002028,          ,13, 0, 6, 5, 8,  ,  ,  ,  ,  ,          ,          ,        ,
 1, 1,  ,0000001063,          ,13, 3, 6, 5, 8,  ,  ,  ,  ,  ,          ,          ,        ,
 1, 1,  ,0000001093,          ,13, 4, 6, 5, 8,  ,  ,  ,  ,  ,          ,          ,        ,
 1, 1,  ,0000002007,          ,13,10, 6, 5, 8,  ,  ,  ,  ,  ,          ,          ,        ,
 1, 1,  ,0000003029,          ,13,27, 6, 5, 8,  ,  ,  ,  ,  ,          ,          ,        ,
 1, 1,  ,0000001055,          ,13,32, 6, 5, 8,  ,  ,  ,  ,  ,          ,          ,        ,
 1, 1,  ,0000001102,          ,13,32, 6, 5, 8,  ,  ,  ,  ,  ,          ,          ,        ,
 1, 1,  ,0000002035,          ,13,36, 6, 5, 8,  ,  ,  ,  ,  ,          ,          ,        ,
