 1, 1,  ,0000001137,          ,10,48, 6, 6, 8,  ,  ,  ,  ,  ,          ,          ,        ,
 1, 1,  ,0000001160,          ,10,57, 6, 6, 8,  ,  ,  ,  ,  ,          ,          ,        ,
 1, 1,  ,0000002026,          ,11, 2, 6, 6, 8,  ,  ,  ,  ,  ,          ,          ,        ,
 1, 1,  ,0000001180,          ,11, 2, 6, 6, 8,  ,  ,  ,  ,  ,          ,          ,        ,
 1, 1,  ,0000001140,          ,11,16, 6, 6, 8,  ,  ,  ,  ,  ,          ,          ,        ,
 1, 1,  ,0000001139,          ,12,55, 6, 6, 8,  ,  ,  ,  ,  ,          ,          ,        ,
 1, 1,  ,0000001093,          ,12,59, 6, 6, 8,  ,  ,  ,  ,  ,          ,          ,        ,
 1, 1,  ,0000001077,          ,13, 5, 6, 6, 8,  ,  ,  ,  ,  ,          ,          ,        ,
 1, 1,  ,0000001134,          ,13, 6, 6, 6, 8,  ,  ,  ,  ,  ,          ,          ,        ,
 1, 1,  ,0000001164,          ,13,10, 6, 6, 8,  ,  ,  ,  ,  ,          ,          ,        ,
 1, 1,  ,0000003029,          ,13,10, 6, 6, 8,  ,  ,  ,  ,  ,          ,          ,        ,
 1, 1,  ,0000002030,          ,13,18, 6, 6, 8,  ,  ,  ,  ,  ,          ,          ,        ,
 1, 1,  ,0000001140,          ,13,22, 6, 6, 8,  ,  ,  ,  ,  ,          ,          ,        ,
 1, 1,  ,0000001055,          ,13,30, 6, 6, 8,  ,  ,  ,  ,  ,          ,          ,        ,
 1, 1,  ,0000001012,          ,13,30, 6, 6, 8,  ,  ,  ,  ,  ,          ,          ,        ,
 1, 1,  ,0000001136,          ,13,31, 6, 6, 8,  ,  ,  ,  ,  ,          ,          ,        ,
 1, 1,  ,0000002028,          ,13,36, 6, 6, 8,  ,  ,  ,  ,  ,          ,          ,        ,
 1, 1,  ,0000001106,          ,13,52, 6, 6, 8,  ,  ,  ,  ,  ,          ,          ,        ,
 1, 1,  ,0000001138,          ,14, 5, 6, 6, 8,  ,  ,  ,  ,  ,          ,          ,        ,
 1, 1,  ,0000002032,          ,14,20, 6, 6, 8,  ,  ,  ,  ,  ,          ,          ,        ,
 1, 1,  ,0000001171,          ,14,41, 6, 6, 8,  ,  ,  ,  ,  ,          ,          ,        ,
 1, 1,  ,0000001063,          ,15, 1, 6, 6, 8,  ,  ,  ,  ,  ,          ,          ,        ,
 1, 1,  ,0000001163,          ,15, 1, 6, 6, 8,  ,  ,  ,  ,  ,          ,          ,        ,
 1, 1,  ,0000001184,          ,15, 1, 6, 6, 8,  ,  ,  ,  ,  ,          ,          ,        ,
 1, 1,  ,0000001168,          ,15, 1, 6, 6, 8,  ,  ,  ,  ,  ,          ,          ,        ,
 1, 1,  ,0000001118,          ,15, 2, 6, 6, 8,  ,  ,  ,  ,  ,          ,          ,        ,
 1, 1,  ,0000001054,          ,15, 2, 6, 6, 8,  ,  ,  ,  ,  ,          ,          ,        ,
 1, 1,  ,0000001113,          ,15, 2, 6, 6, 8,  ,  ,  ,  ,  ,          ,          ,        ,
 1, 1,  ,0000001102,          ,15, 2, 6, 6, 8,  ,  ,  ,  ,  ,          ,          ,        ,
 1, 1,  ,0000001191,          ,15, 2, 6, 6, 8,  ,  ,  ,  ,  ,          ,          ,        ,
 1, 1,  ,0000001152,          ,15, 2, 6, 6, 8,  ,  ,  ,  ,  ,          ,          ,        ,
 1, 1,  ,0000001123,          ,15, 2, 6, 6, 8,  ,  ,  ,  ,  ,          ,          ,        ,
 1, 1,  ,0000001030,          ,15, 3, 6, 6, 8,  ,  ,  ,  ,  ,          ,          ,        ,
 1, 1,  ,0000001132,          ,15, 3, 6, 6, 8,  ,  ,  ,  ,  ,          ,          ,        ,
 1, 1,  ,0000001167,          ,15, 3, 6, 6, 8,  ,  ,  ,  ,  ,          ,          ,        ,
 1, 1,  ,0000002021,          ,15, 6, 6, 6, 8,  ,  ,  ,  ,  ,          ,          ,        ,
 1, 1,  ,0000002003,          ,15,57, 6, 6, 8,  ,  ,  ,  ,  ,          ,          ,        ,
 1, 1,  ,0000001186,          ,15,58, 6, 6, 8,  ,  ,  ,  ,  ,          ,          ,        ,
 1, 1,  ,0000001149,          ,16, 1, 6, 6, 8,  ,  ,  ,  ,  ,          ,          ,        ,
 1, 1,  ,0000001177,          ,16, 6, 6, 6, 8,  ,  ,  ,  ,  ,          ,          ,        ,
 1, 1,  ,0000001008,          ,16, 7, 6, 6, 8,  ,  ,  ,  ,  ,          ,          ,        ,
 1, 1,  ,0000001075,          ,16, 7, 6, 6, 8,  ,  ,  ,  ,  ,          ,          ,        ,
 1, 1,  ,0000001158,          ,16, 7, 6, 6, 8,  ,  ,  ,  ,  ,          ,          ,        ,
 1, 1,  ,0000001130,          ,16, 7, 6, 6, 8,  ,  ,  ,  ,  ,          ,          ,        ,
 1, 1,  ,0000001117,          ,16,10, 6, 6, 8,  ,  ,  ,  ,  ,          ,          ,        ,
 1, 1,  ,0000001146,          ,16,14, 6, 6, 8,  ,  ,  ,  ,  ,          ,          ,        ,
 1, 1,  ,0000001153,          ,16,21, 6, 6, 8,  ,  ,  ,  ,  ,          ,          ,        ,
 1, 1,  ,0000001155,          ,16,24, 6, 6, 8,  ,  ,  ,  ,  ,          ,          ,        ,
 1, 1,  ,0000003016,          ,16,31, 6, 6, 8,  ,  ,  ,  ,  ,          ,          ,        ,
 1, 1,  ,0000003022,          ,16,32, 6, 6, 8,  ,  ,  ,  ,  ,          ,          ,        ,
 1, 1,  ,0000001194,          ,16,34, 6, 6, 8,  ,  ,  ,  ,  ,          ,          ,        ,
 1, 1,  ,0000003019,          ,16,34, 6, 6, 8,  ,  ,  ,  ,  ,          ,          ,        ,
 1, 1,  ,0000001122,          ,16,34, 6, 6, 8,  ,  ,  ,  ,  ,          ,          ,        ,
 1, 1,  ,0000002037,          ,16,37, 6, 6, 8,  ,  ,  ,  ,  ,          ,          ,        ,
 1, 1,  ,0000003027,          ,16,42, 6, 6, 8,  ,  ,  ,  ,  ,          ,          ,        ,
 1, 1,  ,0000002009,          ,16,48, 6, 6, 8,  ,  ,  ,  ,  ,          ,          ,        ,
 1, 1,  ,0000001141,          ,16,49, 6, 6, 8,  ,  ,  ,  ,  ,          ,          ,        ,
 1, 1,  ,0000002007,          ,16,57, 6, 6, 8,  ,  ,  ,  ,  ,          ,          ,        ,
 1, 1,  ,0000001151,          ,17, 0, 6, 6, 8,  ,  ,  ,  ,  ,          ,          ,        ,
 1, 1,  ,0000001183,          ,17, 2, 6, 6, 8,  ,  ,  ,  ,  ,          ,          ,        ,
 1, 1,  ,0000001175,          ,17, 4, 6, 6, 8,  ,  ,  ,  ,  ,          ,          ,        ,
 1, 1,  ,0000002044,          ,17, 5, 6, 6, 8,  ,  ,  ,  ,  ,          ,          ,        ,
 1, 1,  ,0000001161,          ,17, 6, 6, 6, 8,  ,  ,  ,  ,  ,          ,          ,        ,
 1, 1,  ,0000003031,          ,17,11, 6, 6, 8,  ,  ,  ,  ,  ,          ,          ,        ,
 1, 1,  ,0000003030,          ,17,18, 6, 6, 8,  ,  ,  ,  ,  ,          ,          ,        ,
 1, 1,  ,0000002031,          ,17,20, 6, 6, 8,  ,  ,  ,  ,  ,          ,          ,        ,
 1, 1,  ,0000001085,          ,17,37, 6, 6, 8,  ,  ,  ,  ,  ,          ,          ,        ,
 1, 1,  ,0000001179,          ,17,37, 6, 6, 8,  ,  ,  ,  ,  ,          ,          ,        ,
 1, 1,  ,0000002043,          ,17,37, 6, 6, 8,  ,  ,  ,  ,  ,          ,          ,        ,
 1, 1,  ,0000002038,          ,17,51, 6, 6, 8,  ,  ,  ,  ,  ,          ,          ,        ,
 1, 1,  ,0000001169,          ,17,51, 6, 6, 8,  ,  ,  ,  ,  ,          ,          ,        ,
 1, 1,  ,0000003003,          ,17,53, 6, 6, 8,  ,  ,  ,  ,  ,          ,          ,        ,
 1, 1,  ,0000001100,          ,18, 0, 6, 6, 8,  ,  ,  ,  ,  ,          ,          ,        ,
 1, 1,  ,0000002016,          ,18, 1, 6, 6, 8,  ,  ,  ,  ,  ,          ,          ,        ,
 1, 1,  ,0000003026,          ,18, 2, 6, 6, 8,  ,  ,  ,  ,  ,          ,          ,        ,
 1, 1,  ,0000002041,          ,18, 8, 6, 6, 8,  ,  ,  ,  ,  ,          ,          ,        ,
 1, 1,  ,0000001176,          ,18,20, 6, 6, 8,  ,  ,  ,  ,  ,          ,          ,        ,
 1, 1,  ,0000001173,          ,18,20, 6, 6, 8,  ,  ,  ,  ,  ,          ,          ,        ,
 1, 1,  ,0000001193,          ,18,20, 6, 6, 8,  ,  ,  ,  ,  ,          ,          ,        ,
 1, 1,  ,0000001166,          ,18,20, 6, 6, 8,  ,  ,  ,  ,  ,          ,          ,        ,
 1, 1,  ,0000001142,          ,18,20, 6, 6, 8,  ,  ,  ,  ,  ,          ,          ,        ,
 1, 1,  ,0000001096,          ,18,31, 6, 6, 8,  ,  ,  ,  ,  ,          ,          ,        ,
 1, 1,  ,0000002005,          ,18,33, 6, 6, 8,  ,  ,  ,  ,  ,          ,          ,        ,
 1, 1,  ,0000002026,          ,18,34, 6, 6, 8,  ,  ,  ,  ,  ,          ,          ,        ,
 1, 1,  ,0000001069,          ,18,35, 6, 6, 8,  ,  ,  ,  ,  ,          ,          ,        ,
 1, 1,  ,0000001128,          ,18,46, 6, 6, 8,  ,  ,  ,  ,  ,          ,          ,        ,
 1, 1,  ,0000001180,          ,18,48, 6, 6, 8,  ,  ,  ,  ,  ,          ,          ,        ,
 1, 1,  ,0000001074,          ,18,49, 6, 6, 8,  ,  ,  ,  ,  ,          ,          ,        ,
 1, 1,  ,0000002040,          ,18,57, 6, 6, 8,  ,  ,  ,  ,  ,          ,          ,        ,
 1, 1,  ,0000001137,          ,19, 1, 6, 6, 8,  ,  ,  ,  ,  ,          ,          ,        ,
 1, 1,  ,0000002018,          ,19, 5, 6, 6, 8,  ,  ,  ,  ,  ,          ,          ,        ,
 1, 1,  ,0000001068,          ,19, 6, 6, 6, 8,  ,  ,  ,  ,  ,          ,          ,        ,
 1, 1,  ,0000001067,          ,19,16, 6, 6, 8,  ,  ,  ,  ,  ,          ,          ,        ,
 1, 1,  ,0000001160,          ,19,32, 6, 6, 8,  ,  ,  ,  ,  ,          ,          ,        ,
 1, 1,  ,0000001160,          ,19,33, 6, 6, 8,  ,  ,  ,  ,  ,          ,          ,        ,
 1, 1,  ,0000002027,          ,19,33, 6, 6, 8,  ,  ,  ,  ,  ,          ,          ,        ,
 1, 1,  ,0000001140,          ,19,34, 6, 6, 8,  ,  ,  ,  ,  ,          ,          ,        ,
 1, 1,  ,0000001139,          ,21, 5, 6, 6, 8,  ,  ,  ,  ,  ,          ,          ,        ,
 1, 1,  ,0000001093,          ,21, 8, 6, 6, 8,  ,  ,  ,  ,  ,          ,          ,        ,
 1, 1,  ,0000001139,          , 4, 1, 6, 7, 8,  ,  ,  ,  ,  ,          ,          ,        ,
 1, 1,  ,0000001055,          , 4,37, 6, 7, 8,  ,  ,  ,  ,  ,          ,          ,        ,
 1, 1,  ,0000001077,          , 4,48, 6, 7, 8,  ,  ,  ,  ,  ,          ,          ,        ,
 1, 1,  ,0000001134,          , 4,49, 6, 7, 8,  ,  ,  ,  ,  ,          ,          ,        ,
 1, 1,  ,0000001153,          , 4,53, 6, 7, 8,  ,  ,  ,  ,  ,          ,          ,        ,
 1, 1,  ,0000001102,          , 4,53, 6, 7, 8,  ,  ,  ,  ,  ,          ,          ,        ,
 1, 1,  ,0000001085,          , 4,58, 6, 7, 8,  ,  ,  ,  ,  ,          ,          ,        ,
 1, 1,  ,0000002043,          , 4,58, 6, 7, 8,  ,  ,  ,  ,  ,          ,          ,        ,
 1, 1,  ,0000001161,          , 4,58, 6, 7, 8,  ,  ,  ,  ,  ,          ,          ,        ,
 1, 1,  ,0000001164,          , 4,58, 6, 7, 8,  ,  ,  ,  ,  ,          ,          ,        ,
 1, 1,  ,0000003029,          , 4,59, 6, 7, 8,  ,  ,  ,  ,  ,          ,          ,        ,
 1, 1,  ,0000002007,          , 5, 1, 6, 7, 8,  ,  ,  ,  ,  ,          ,          ,        ,
 1, 1,  ,0000002030,          , 5, 4, 6, 7, 8,  ,  ,  ,  ,  ,          ,          ,        ,
 1, 1,  ,0000001100,          , 5,31, 6, 7, 8,  ,  ,  ,  ,  ,          ,          ,        ,
 1, 1,  ,0000001177,          , 5,49, 6, 7, 8,  ,  ,  ,  ,  ,          ,          ,        ,
 1, 1,  ,0000001008,          , 6, 0, 6, 7, 8,  ,  ,  ,  ,  ,          ,          ,        ,
 1, 1,  ,0000002036,          , 6, 1, 6, 7, 8,  ,  ,  ,  ,  ,          ,          ,        ,
 1, 1,  ,0000001144,          , 6, 4, 6, 7, 8,  ,  ,  ,  ,  ,          ,          ,        ,
 1, 1,  ,0000001173,          , 6,37, 6, 7, 8,  ,  ,  ,  ,  ,          ,          ,        ,
 1, 1,  ,0000002021,          , 6,39, 6, 7, 8,  ,  ,  ,  ,  ,          ,          ,        ,
 1, 1,  ,0000001138,          , 6,42, 6, 7, 8,  ,  ,  ,  ,  ,          ,          ,        ,
 1, 1,  ,0000001117,          , 6,43, 6, 7, 8,  ,  ,  ,  ,  ,          ,          ,        ,
 1, 1,  ,0000002012,          , 6,46, 6, 7, 8,  ,  ,  ,  ,  ,          ,          ,        ,
 1, 1,  ,0000001054,          , 6,48, 6, 7, 8,  ,  ,  ,  ,  ,          ,          ,        ,
 1, 1,  ,0000001194,          , 6,48, 6, 7, 8,  ,  ,  ,  ,  ,          ,          ,        ,
 1, 1,  ,0000001187,          , 6,50, 6, 7, 8,  ,  ,  ,  ,  ,          ,          ,        ,
 1, 1,  ,0000001146,          , 6,50, 6, 7, 8,  ,  ,  ,  ,  ,          ,          ,        ,
 1, 1,  ,0000001188,          , 6,51, 6, 7, 8,  ,  ,  ,  ,  ,          ,          ,        ,
 1, 1,  ,0000001171,          , 6,53, 6, 7, 8,  ,  ,  ,  ,  ,          ,          ,        ,
 1, 1,  ,0000001168,          , 6,53, 6, 7, 8,  ,  ,  ,  ,  ,          ,          ,        ,
 1, 1,  ,0000002003,          , 6,54, 6, 7, 8,  ,  ,  ,  ,  ,          ,          ,        ,
 1, 1,  ,0000001063,          , 6,54, 6, 7, 8,  ,  ,  ,  ,  ,          ,          ,        ,
 1, 1,  ,0000001183,          , 6,55, 6, 7, 8,  ,  ,  ,  ,  ,          ,          ,        ,
 1, 1,  ,0000001118,          , 6,55, 6, 7, 8,  ,  ,  ,  ,  ,          ,          ,        ,
 1, 1,  ,0000002044,          , 6,55, 6, 7, 8,  ,  ,  ,  ,  ,          ,          ,        ,
 1, 1,  ,0000001192,          , 6,56, 6, 7, 8,  ,  ,  ,  ,  ,          ,          ,        ,
 1, 1,  ,0000001152,          , 6,56, 6, 7, 8,  ,  ,  ,  ,  ,          ,          ,        ,
 1, 1,  ,0000001012,          , 6,56, 6, 7, 8,  ,  ,  ,  ,  ,          ,          ,        ,
 1, 1,  ,0000001166,          , 6,56, 6, 7, 8,  ,  ,  ,  ,  ,          ,          ,        ,
 1, 1,  ,0000001096,          , 6,57, 6, 7, 8,  ,  ,  ,  ,  ,          ,          ,        ,
 1, 1,  ,0000001193,          , 6,58, 6, 7, 8,  ,  ,  ,  ,  ,          ,          ,        ,
 1, 1,  ,0000001135,          , 6,58, 6, 7, 8,  ,  ,  ,  ,  ,          ,          ,        ,
 1, 1,  ,0000003026,          , 6,59, 6, 7, 8,  ,  ,  ,  ,  ,          ,          ,        ,
 1, 1,  ,0000001068,          , 7, 0, 6, 7, 8,  ,  ,  ,  ,  ,          ,          ,        ,
 1, 1,  ,0000001140,          , 7, 0, 6, 7, 8,  ,  ,  ,  ,  ,          ,          ,        ,
 1, 1,  ,0000001167,          , 7, 4, 6, 7, 8,  ,  ,  ,  ,  ,          ,          ,        ,
 1, 1,  ,0000002031,          , 7, 4, 6, 7, 8,  ,  ,  ,  ,  ,          ,          ,        ,
 1, 1,  ,0000001123,          , 7, 4, 6, 7, 8,  ,  ,  ,  ,  ,          ,          ,        ,
 1, 1,  ,0000002040,          , 7, 4, 6, 7, 8,  ,  ,  ,  ,  ,          ,          ,        ,
 1, 1,  ,0000001093,          , 7, 7, 6, 7, 8,  ,  ,  ,  ,  ,          ,          ,        ,
 1, 1,  ,0000001142,          , 7, 9, 6, 7, 8,  ,  ,  ,  ,  ,          ,          ,        ,
 1, 1,  ,0000001074,          , 7,37, 6, 7, 8,  ,  ,  ,  ,  ,          ,          ,        ,
 1, 1,  ,0000002018,          , 7,38, 6, 7, 8,  ,  ,  ,  ,  ,          ,          ,        ,
 1, 1,  ,0000002016,          , 9,10, 6, 7, 8,  ,  ,  ,  ,  ,          ,          ,        ,
 1, 1,  ,0000001155,          , 9,19, 6, 7, 8,  ,  ,  ,  ,  ,          ,          ,        ,
 1, 1,  ,0000003030,          , 9,46, 6, 7, 8,  ,  ,  ,  ,  ,          ,          ,        ,
 1, 1,  ,0000001141,          ,10, 0, 6, 7, 8,  ,  ,  ,  ,  ,          ,          ,        ,
 1, 1,  ,0000002007,          ,11,51, 6, 7, 8,  ,  ,  ,  ,  ,          ,          ,        ,
 1, 1,  ,0000001139,          ,12, 7, 6, 7, 8,  ,  ,  ,  ,  ,          ,          ,        ,
 1, 1,  ,0000002016,          ,13, 1, 6, 7, 8,  ,  ,  ,  ,  ,          ,          ,        ,
 1, 1,  ,0000003030,          ,13, 8, 6, 7, 8,  ,  ,  ,  ,  ,          ,          ,        ,
 1, 1,  ,0000003029,          ,13,11, 6, 7, 8,  ,  ,  ,  ,  ,          ,          ,        ,
 1, 1,  ,0000001134,          ,13,30, 6, 7, 8,  ,  ,  ,  ,  ,          ,          ,        ,
 1, 1,  ,0000001164,          ,13,30, 6, 7, 8,  ,  ,  ,  ,  ,          ,          ,        ,
 1, 1,  ,0000001077,          ,13,43, 6, 7, 8,  ,  ,  ,  ,  ,          ,          ,        ,
 1, 1,  ,0000003026,          ,13,44, 6, 7, 8,  ,  ,  ,  ,  ,          ,          ,        ,
 1, 1,  ,0000001074,          ,13,51, 6, 7, 8,  ,  ,  ,  ,  ,          ,          ,        ,
 1, 1,  ,0000002043,          ,14, 1, 6, 7, 8,  ,  ,  ,  ,  ,          ,          ,        ,
 1, 1,  ,0000001161,          ,14, 2, 6, 7, 8,  ,  ,  ,  ,  ,          ,          ,        ,
 1, 1,  ,0000002030,          ,14, 3, 6, 7, 8,  ,  ,  ,  ,  ,          ,          ,        ,
 1, 1,  ,0000001153,          ,14, 4, 6, 7, 8,  ,  ,  ,  ,  ,          ,          ,        ,
 1, 1,  ,0000001144,          ,14, 5, 6, 7, 8,  ,  ,  ,  ,  ,          ,          ,        ,
 1, 1,  ,0000001008,          ,14, 6, 6, 7, 8,  ,  ,  ,  ,  ,          ,          ,        ,
 1, 1,  ,0000001177,          ,14, 8, 6, 7, 8,  ,  ,  ,  ,  ,          ,          ,        ,
 1, 1,  ,0000001183,          ,15, 2, 6, 7, 8,  ,  ,  ,  ,  ,          ,          ,        ,
 1, 1,  ,0000001152,          ,15, 3, 6, 7, 8,  ,  ,  ,  ,  ,          ,          ,        ,
 1, 1,  ,0000002012,          ,15, 3, 6, 7, 8,  ,  ,  ,  ,  ,          ,          ,        ,
 1, 1,  ,0000001123,          ,15, 4, 6, 7, 8,  ,  ,  ,  ,  ,          ,          ,        ,
 1, 1,  ,0000002021,          ,15, 6, 6, 7, 8,  ,  ,  ,  ,  ,          ,          ,        ,
 1, 1,  ,0000001173,          ,15, 7, 6, 7, 8,  ,  ,  ,  ,  ,          ,          ,        ,
 1, 1,  ,0000001096,          ,15,21, 6, 7, 8,  ,  ,  ,  ,  ,          ,          ,        ,
 1, 1,  ,0000002031,          ,15,25, 6, 7, 8,  ,  ,  ,  ,  ,          ,          ,        ,
 1, 1,  ,0000001166,          ,15,33, 6, 7, 8,  ,  ,  ,  ,  ,          ,          ,        ,
 1, 1,  ,0000001093,          ,15,36, 6, 7, 8,  ,  ,  ,  ,  ,          ,          ,        ,
 1, 1,  ,0000001102,          ,15,44, 6, 7, 8,  ,  ,  ,  ,  ,          ,          ,        ,
 1, 1,  ,0000002018,          ,15,46, 6, 7, 8,  ,  ,  ,  ,  ,          ,          ,        ,
 1, 1,  ,0000002044,          ,15,48, 6, 7, 8,  ,  ,  ,  ,  ,          ,          ,        ,
 1, 1,  ,0000001012,          ,15,59, 6, 7, 8,  ,  ,  ,  ,  ,          ,          ,        ,
 1, 1,  ,0000001168,          ,16, 5, 6, 7, 8,  ,  ,  ,  ,  ,          ,          ,        ,
 1, 1,  ,0000001118,          ,16, 5, 6, 7, 8,  ,  ,  ,  ,  ,          ,          ,        ,
 1, 1,  ,0000001054,          ,16, 5, 6, 7, 8,  ,  ,  ,  ,  ,          ,          ,        ,
 1, 1,  ,0000001138,          ,16, 6, 6, 7, 8,  ,  ,  ,  ,  ,          ,          ,        ,
 1, 1,  ,0000001117,          ,16, 8, 6, 7, 8,  ,  ,  ,  ,  ,          ,          ,        ,
 1, 1,  ,0000001146,          ,16, 9, 6, 7, 8,  ,  ,  ,  ,  ,          ,          ,        ,
 1, 1,  ,0000001188,          ,16,11, 6, 7, 8,  ,  ,  ,  ,  ,          ,          ,        ,
 1, 1,  ,0000002036,          ,16,15, 6, 7, 8,  ,  ,  ,  ,  ,          ,          ,        ,
 1, 1,  ,0000001055,          ,16,33, 6, 7, 8,  ,  ,  ,  ,  ,          ,          ,        ,
 1, 1,  ,0000001140,          ,16,33, 6, 7, 8,  ,  ,  ,  ,  ,          ,          ,        ,
 1, 1,  ,0000001194,          ,16,34, 6, 7, 8,  ,  ,  ,  ,  ,          ,          ,        ,
 1, 1,  ,0000001135,          ,16,38, 6, 7, 8,  ,  ,  ,  ,  ,          ,          ,        ,
 1, 1,  ,0000002003,          ,17, 5, 6, 7, 8,  ,  ,  ,  ,  ,          ,          ,        ,
 1, 1,  ,0000001171,          ,17, 6, 6, 7, 8,  ,  ,  ,  ,  ,          ,          ,        ,
 1, 1,  ,0000001063,          ,17,18, 6, 7, 8,  ,  ,  ,  ,  ,          ,          ,        ,
 1, 1,  ,0000001192,          ,17,26, 6, 7, 8,  ,  ,  ,  ,  ,          ,          ,        ,
 1, 1,  ,0000001155,          ,17,26, 6, 7, 8,  ,  ,  ,  ,  ,          ,          ,        ,
 1, 1,  ,0000001187,          ,17,27, 6, 7, 8,  ,  ,  ,  ,  ,          ,          ,        ,
 1, 1,  ,0000001100,          ,17,30, 6, 7, 8,  ,  ,  ,  ,  ,          ,          ,        ,
 1, 1,  ,0000001193,          ,17,30, 6, 7, 8,  ,  ,  ,  ,  ,          ,          ,        ,
 1, 1,  ,0000001142,          ,17,30, 6, 7, 8,  ,  ,  ,  ,  ,          ,          ,        ,
 1, 1,  ,0000001167,          ,17,31, 6, 7, 8,  ,  ,  ,  ,  ,          ,          ,        ,
 1, 1,  ,0000001068,          ,17,33, 6, 7, 8,  ,  ,  ,  ,  ,          ,          ,        ,
 1, 1,  ,0000001085,          ,17,39, 6, 7, 8,  ,  ,  ,  ,  ,          ,          ,        ,
 1, 1,  ,0000001141,          ,20,10, 6, 7, 8,  ,  ,  ,  ,  ,          ,          ,        ,
 1, 1,  ,0000002040,          ,22, 6, 6, 7, 8,  ,  ,  ,  ,  ,          ,          ,        ,
 1, 1,  ,0000002040,          ,23,30, 6, 7, 8,  ,  ,  ,  ,  ,          ,          ,        ,
 1, 1,  ,0000001128,          , 2,45, 6, 8, 8,  ,  ,  ,  ,  ,          ,          ,        ,
 1, 1,  ,0000001139,          , 2,56, 6, 8, 8,  ,  ,  ,  ,  ,          ,          ,        ,
 1, 1,  ,0000002037,          , 3,29, 6, 8, 8,  ,  ,  ,  ,  ,          ,          ,        ,
 1, 1,  ,0000001192,          , 4,36, 6, 8, 8,  ,  ,  ,  ,  ,          ,          ,        ,
 1, 1,  ,0000001173,          , 4,42, 6, 8, 8,  ,  ,  ,  ,  ,          ,          ,        ,
 1, 1,  ,0000001113,          , 4,44, 6, 8, 8,  ,  ,  ,  ,  ,          ,          ,        ,
 1, 1,  ,0000001194,          , 4,44, 6, 8, 8,  ,  ,  ,  ,  ,          ,          ,        ,
 1, 1,  ,0000001184,          , 4,46, 6, 8, 8,  ,  ,  ,  ,  ,          ,          ,        ,
 1, 1,  ,0000001137,          , 4,47, 6, 8, 8,  ,  ,  ,  ,  ,          ,          ,        ,
 1, 1,  ,0000001176,          , 4,47, 6, 8, 8,  ,  ,  ,  ,  ,          ,          ,        ,
 1, 1,  ,0000001146,          , 4,47, 6, 8, 8,  ,  ,  ,  ,  ,          ,          ,        ,
 1, 1,  ,0000001188,          , 4,47, 6, 8, 8,  ,  ,  ,  ,  ,          ,          ,        ,
 1, 1,  ,0000001179,          , 4,53, 6, 8, 8,  ,  ,  ,  ,  ,          ,          ,        ,
 1, 1,  ,0000001142,          , 4,55, 6, 8, 8,  ,  ,  ,  ,  ,          ,          ,        ,
 1, 1,  ,0000001191,          , 4,55, 6, 8, 8,  ,  ,  ,  ,  ,          ,          ,        ,
 1, 1,  ,0000001085,          , 4,57, 6, 8, 8,  ,  ,  ,  ,  ,          ,          ,        ,
 1, 1,  ,0000002043,          , 4,58, 6, 8, 8,  ,  ,  ,  ,  ,          ,          ,        ,
 1, 1,  ,0000001102,          , 5, 2, 6, 8, 8,  ,  ,  ,  ,  ,          ,          ,        ,
 1, 1,  ,0000001180,          , 5, 2, 6, 8, 8,  ,  ,  ,  ,  ,          ,          ,        ,
 1, 1,  ,0000001135,          , 5, 4, 6, 8, 8,  ,  ,  ,  ,  ,          ,          ,        ,
 1, 1,  ,0000001175,          , 5, 5, 6, 8, 8,  ,  ,  ,  ,  ,          ,          ,        ,
 1, 1,  ,0000002035,          , 5, 7, 6, 8, 8,  ,  ,  ,  ,  ,          ,          ,        ,
 1, 1,  ,0000001166,          , 5,16, 6, 8, 8,  ,  ,  ,  ,  ,          ,          ,        ,
 1, 1,  ,0000001193,          , 5,18, 6, 8, 8,  ,  ,  ,  ,  ,          ,          ,        ,
 1, 1,  ,0000001106,          , 5,29, 6, 8, 8,  ,  ,  ,  ,  ,          ,          ,        ,
 1, 1,  ,0000001149,          , 6, 0, 6, 8, 8,  ,  ,  ,  ,  ,          ,          ,        ,
 1, 1,  ,0000001186,          , 6, 7, 6, 8, 8,  ,  ,  ,  ,  ,          ,          ,        ,
 1, 1,  ,0000002005,          , 6, 7, 6, 8, 8,  ,  ,  ,  ,  ,          ,          ,        ,
 1, 1,  ,0000001167,          , 6,45, 6, 8, 8,  ,  ,  ,  ,  ,          ,          ,        ,
 1, 1,  ,0000001075,          , 6,46, 6, 8, 8,  ,  ,  ,  ,  ,          ,          ,        ,
 1, 1,  ,0000001171,          , 6,49, 6, 8, 8,  ,  ,  ,  ,  ,          ,          ,        ,
 1, 1,  ,0000001153,          , 6,54, 6, 8, 8,  ,  ,  ,  ,  ,          ,          ,        ,
 1, 1,  ,0000001177,          , 6,55, 6, 8, 8,  ,  ,  ,  ,  ,          ,          ,        ,
 1, 1,  ,0000001130,          , 6,55, 6, 8, 8,  ,  ,  ,  ,  ,          ,          ,        ,
 1, 1,  ,0000001151,          , 6,56, 6, 8, 8,  ,  ,  ,  ,  ,          ,          ,        ,
 1, 1,  ,0000003022,          , 6,57, 6, 8, 8,  ,  ,  ,  ,  ,          ,          ,        ,
 1, 1,  ,0000001132,          , 6,57, 6, 8, 8,  ,  ,  ,  ,  ,          ,          ,        ,
 1, 1,  ,0000001144,          , 6,57, 6, 8, 8,  ,  ,  ,  ,  ,          ,          ,        ,
 1, 1,  ,0000002038,          , 6,59, 6, 8, 8,  ,  ,  ,  ,  ,          ,          ,        ,
 1, 1,  ,0000001169,          , 6,59, 6, 8, 8,  ,  ,  ,  ,  ,          ,          ,        ,
 1, 1,  ,0000001030,          , 7, 1, 6, 8, 8,  ,  ,  ,  ,  ,          ,          ,        ,
 1, 1,  ,0000002041,          , 7, 4, 6, 8, 8,  ,  ,  ,  ,  ,          ,          ,        ,
 1, 1,  ,0000001158,          , 7, 5, 6, 8, 8,  ,  ,  ,  ,  ,          ,          ,        ,
 1, 1,  ,0000002015,          , 7,57, 6, 8, 8,  ,  ,  ,  ,  ,          ,          ,        ,
 1, 1,  ,0000002040,          , 7,58, 6, 8, 8,  ,  ,  ,  ,  ,          ,          ,        ,
 1, 1,  ,0000001187,          , 8, 0, 6, 8, 8,  ,  ,  ,  ,  ,          ,          ,        ,
 1, 1,  ,0000002026,          , 8, 2, 6, 8, 8,  ,  ,  ,  ,  ,          ,          ,        ,
 1, 1,  ,0000002009,          , 8, 2, 6, 8, 8,  ,  ,  ,  ,  ,          ,          ,        ,
 1, 1,  ,0000002028,          , 8,51, 6, 8, 8,  ,  ,  ,  ,  ,          ,          ,        ,
 1, 1,  ,0000002005,          , 9, 1, 6, 8, 8,  ,  ,  ,  ,  ,          ,          ,        ,
 1, 1,  ,0000001141,          , 9,56, 6, 8, 8,  ,  ,  ,  ,  ,          ,          ,        ,
 1, 1,  ,0000002037,          ,11,41, 6, 8, 8,  ,  ,  ,  ,  ,          ,          ,        ,
 1, 1,  ,0000001139,          ,11,41, 6, 8, 8,  ,  ,  ,  ,  ,          ,          ,        ,
 1, 1,  ,0000003022,          ,12, 1, 6, 8, 8,  ,  ,  ,  ,  ,          ,          ,        ,
 1, 1,  ,0000002005,          ,12,43, 6, 8, 8,  ,  ,  ,  ,  ,          ,          ,        ,
 1, 1,  ,0000002035,          ,13,32, 6, 8, 8,  ,  ,  ,  ,  ,          ,          ,        ,
 1, 1,  ,0000002043,          ,13,32, 6, 8, 8,  ,  ,  ,  ,  ,          ,          ,        ,
 1, 1,  ,0000001175,          ,13,38, 6, 8, 8,  ,  ,  ,  ,  ,          ,          ,        ,
 1, 1,  ,0000001149,          ,14, 5, 6, 8, 8,  ,  ,  ,  ,  ,          ,          ,        ,
 1, 1,  ,0000001179,          ,14, 6, 6, 8, 8,  ,  ,  ,  ,  ,          ,          ,        ,
 1, 1,  ,0000001151,          ,14,14, 6, 8, 8,  ,  ,  ,  ,  ,          ,          ,        ,
 1, 1,  ,0000001194,          ,14,57, 6, 8, 8,  ,  ,  ,  ,  ,          ,          ,        ,
 1, 1,  ,0000001146,          ,14,59, 6, 8, 8,  ,  ,  ,  ,  ,          ,          ,        ,
 1, 1,  ,0000001030,          ,15, 0, 6, 8, 8,  ,  ,  ,  ,  ,          ,          ,        ,
 1, 1,  ,0000001130,          ,15, 2, 6, 8, 8,  ,  ,  ,  ,  ,          ,          ,        ,
 1, 1,  ,0000001158,          ,15, 2, 6, 8, 8,  ,  ,  ,  ,  ,          ,          ,        ,
 1, 1,  ,0000001177,          ,15, 2, 6, 8, 8,  ,  ,  ,  ,  ,          ,          ,        ,
 1, 1,  ,0000001075,          ,15, 2, 6, 8, 8,  ,  ,  ,  ,  ,          ,          ,        ,
 1, 1,  ,0000001144,          ,15, 3, 6, 8, 8,  ,  ,  ,  ,  ,          ,          ,        ,
 1, 1,  ,0000001193,          ,15,19, 6, 8, 8,  ,  ,  ,  ,  ,          ,          ,        ,
 1, 1,  ,0000001166,          ,15,31, 6, 8, 8,  ,  ,  ,  ,  ,          ,          ,        ,
 1, 1,  ,0000002041,          ,15,33, 6, 8, 8,  ,  ,  ,  ,  ,          ,          ,        ,
 1, 1,  ,0000001153,          ,15,34, 6, 8, 8,  ,  ,  ,  ,  ,          ,          ,        ,
 1, 1,  ,0000001186,          ,15,36, 6, 8, 8,  ,  ,  ,  ,  ,          ,          ,        ,
 1, 1,  ,0000001169,          ,15,37, 6, 8, 8,  ,  ,  ,  ,  ,          ,          ,        ,
 1, 1,  ,0000001188,          ,15,39, 6, 8, 8,  ,  ,  ,  ,  ,          ,          ,        ,
 1, 1,  ,0000001176,          ,15,57, 6, 8, 8,  ,  ,  ,  ,  ,          ,          ,        ,
 1, 1,  ,0000001135,          ,15,59, 6, 8, 8,  ,  ,  ,  ,  ,          ,          ,        ,
 1, 1,  ,0000001113,          ,16, 0, 6, 8, 8,  ,  ,  ,  ,  ,          ,          ,        ,
 1, 1,  ,0000001184,          ,16, 0, 6, 8, 8,  ,  ,  ,  ,  ,          ,          ,        ,
 1, 1,  ,0000001173,          ,16, 0, 6, 8, 8,  ,  ,  ,  ,  ,          ,          ,        ,
 1, 1,  ,0000001142,          ,16, 1, 6, 8, 8,  ,  ,  ,  ,  ,          ,          ,        ,
 1, 1,  ,0000002015,          ,16, 1, 6, 8, 8,  ,  ,  ,  ,  ,          ,          ,        ,
 1, 1,  ,0000001192,          ,16, 1, 6, 8, 8,  ,  ,  ,  ,  ,          ,          ,        ,
 1, 1,  ,0000001191,          ,16, 3, 6, 8, 8,  ,  ,  ,  ,  ,          ,          ,        ,
 1, 1,  ,0000001102,          ,16, 4, 6, 8, 8,  ,  ,  ,  ,  ,          ,          ,        ,
 1, 1,  ,0000001167,          ,16, 6, 6, 8, 8,  ,  ,  ,  ,  ,          ,          ,        ,
 1, 1,  ,0000001132,          ,16, 6, 6, 8, 8,  ,  ,  ,  ,  ,          ,          ,        ,
 1, 1,  ,0000001137,          ,16, 8, 6, 8, 8,  ,  ,  ,  ,  ,          ,          ,        ,
 1, 1,  ,0000001171,          ,16,24, 6, 8, 8,  ,  ,  ,  ,  ,          ,          ,        ,
 1, 1,  ,0000002026,          ,16,46, 6, 8, 8,  ,  ,  ,  ,  ,          ,          ,        ,
 1, 1,  ,0000001128,          ,16,47, 6, 8, 8,  ,  ,  ,  ,  ,          ,          ,        ,
 1, 1,  ,0000001085,          ,16,55, 6, 8, 8,  ,  ,  ,  ,  ,          ,          ,        ,
 1, 1,  ,0000002028,          ,17, 1, 6, 8, 8,  ,  ,  ,  ,  ,          ,          ,        ,
 1, 1,  ,0000001106,          ,17, 1, 6, 8, 8,  ,  ,  ,  ,  ,          ,          ,        ,
 1, 1,  ,0000002038,          ,17, 2, 6, 8, 8,  ,  ,  ,  ,  ,          ,          ,        ,
 1, 1,  ,0000001180,          ,17, 2, 6, 8, 8,  ,  ,  ,  ,  ,          ,          ,        ,
 1, 1,  ,0000002009,          ,17, 6, 6, 8, 8,  ,  ,  ,  ,  ,          ,          ,        ,
 1, 1,  ,0000002005,          ,17, 8, 6, 8, 8,  ,  ,  ,  ,  ,          ,          ,        ,
 1, 1,  ,0000001068,          ,18,44, 6, 8, 8,  ,  ,  ,  ,  ,          ,          ,        ,
 1, 1,  ,0000001141,          ,18,44, 6, 8, 8,  ,  ,  ,  ,  ,          ,          ,        ,
 1, 1,  ,0000002040,          ,19, 6, 6, 8, 8,  ,  ,  ,  ,  ,          ,          ,        ,
 1, 1,  ,0000001171,          , 1,36, 6, 9, 8,  ,  ,  ,  ,  ,          ,          ,        ,
 1, 1,  ,0000001128,          , 3,30, 6, 9, 8,  ,  ,  ,  ,  ,          ,          ,        ,
 1, 1,  ,0000002018,          , 3,58, 6, 9, 8,  ,  ,  ,  ,  ,          ,          ,        ,
 1, 1,  ,0000001069,          , 4, 1, 6, 9, 8,  ,  ,  ,  ,  ,          ,          ,        ,
 1, 1,  ,0000001113,          , 4,27, 6, 9, 8,  ,  ,  ,  ,  ,          ,          ,        ,
 1, 1,  ,0000001173,          , 4,44, 6, 9, 8,  ,  ,  ,  ,  ,          ,          ,        ,
 1, 1,  ,0000001142,          , 4,44, 6, 9, 8,  ,  ,  ,  ,  ,          ,          ,        ,
 1, 1,  ,0000001077,          , 4,45, 6, 9, 8,  ,  ,  ,  ,  ,          ,          ,        ,
 1, 1,  ,0000001191,          , 4,47, 6, 9, 8,  ,  ,  ,  ,  ,          ,          ,        ,
 1, 1,  ,0000001138,          , 4,47, 6, 9, 8,  ,  ,  ,  ,  ,          ,          ,        ,
 1, 1,  ,0000001176,          , 4,47, 6, 9, 8,  ,  ,  ,  ,  ,          ,          ,        ,
 1, 1,  ,0000001134,          , 4,49, 6, 9, 8,  ,  ,  ,  ,  ,          ,          ,        ,
 1, 1,  ,0000001188,          , 4,51, 6, 9, 8,  ,  ,  ,  ,  ,          ,          ,        ,
 1, 1,  ,0000001137,          , 4,52, 6, 9, 8,  ,  ,  ,  ,  ,          ,          ,        ,
 1, 1,  ,0000001164,          , 4,53, 6, 9, 8,  ,  ,  ,  ,  ,          ,          ,        ,
 1, 1,  ,0000002035,          , 4,56, 6, 9, 8,  ,  ,  ,  ,  ,          ,          ,        ,
 1, 1,  ,0000001153,          , 4,56, 6, 9, 8,  ,  ,  ,  ,  ,          ,          ,        ,
 1, 1,  ,0000001166,          , 4,58, 6, 9, 8,  ,  ,  ,  ,  ,          ,          ,        ,
 1, 1,  ,0000001193,          , 4,59, 6, 9, 8,  ,  ,  ,  ,  ,          ,          ,        ,
 1, 1,  ,0000003029,          , 5, 3, 6, 9, 8,  ,  ,  ,  ,  ,          ,          ,        ,
 1, 1,  ,0000001180,          , 5, 5, 6, 9, 8,  ,  ,  ,  ,  ,          ,          ,        ,
 1, 1,  ,0000002030,          , 5,14, 6, 9, 8,  ,  ,  ,  ,  ,          ,          ,        ,
 1, 1,  ,0000001100,          , 5,20, 6, 9, 8,  ,  ,  ,  ,  ,          ,          ,        ,
 1, 1,  ,0000001075,          , 5,53, 6, 9, 8,  ,  ,  ,  ,  ,          ,          ,        ,
 1, 1,  ,0000001130,          , 5,53, 6, 9, 8,  ,  ,  ,  ,  ,          ,          ,        ,
 1, 1,  ,0000001177,          , 5,54, 6, 9, 8,  ,  ,  ,  ,  ,          ,          ,        ,
 1, 1,  ,0000002032,          , 5,55, 6, 9, 8,  ,  ,  ,  ,  ,          ,          ,        ,
 1, 1,  ,0000001008,          , 5,57, 6, 9, 8,  ,  ,  ,  ,  ,          ,          ,        ,
 1, 1,  ,0000001158,          , 5,58, 6, 9, 8,  ,  ,  ,  ,  ,          ,          ,        ,
 1, 1,  ,0000001144,          , 5,59, 6, 9, 8,  ,  ,  ,  ,  ,          ,          ,        ,
 1, 1,  ,0000002026,          , 6,33, 6, 9, 8,  ,  ,  ,  ,  ,          ,          ,        ,
 1, 1,  ,0000001030,          , 6,36, 6, 9, 8,  ,  ,  ,  ,  ,          ,          ,        ,
 1, 1,  ,0000001184,          , 6,38, 6, 9, 8,  ,  ,  ,  ,  ,          ,          ,        ,
 1, 1,  ,0000001136,          , 6,49, 6, 9, 8,  ,  ,  ,  ,  ,          ,          ,        ,
 1, 1,  ,0000002012,          , 6,49, 6, 9, 8,  ,  ,  ,  ,  ,          ,          ,        ,
 1, 1,  ,0000002044,          , 6,54, 6, 9, 8,  ,  ,  ,  ,  ,          ,          ,        ,
 1, 1,  ,0000001141,          , 6,55, 6, 9, 8,  ,  ,  ,  ,  ,          ,          ,        ,
 1, 1,  ,0000002007,          , 6,55, 6, 9, 8,  ,  ,  ,  ,  ,          ,          ,        ,
 1, 1,  ,0000001192,          , 6,55, 6, 9, 8,  ,  ,  ,  ,  ,          ,          ,        ,
 1, 1,  ,0000001168,          , 6,56, 6, 9, 8,  ,  ,  ,  ,  ,          ,          ,        ,
 1, 1,  ,0000001161,          , 6,56, 6, 9, 8,  ,  ,  ,  ,  ,          ,          ,        ,
 1, 1,  ,0000002040,          , 6,56, 6, 9, 8,  ,  ,  ,  ,  ,          ,          ,        ,
 1, 1,  ,0000001152,          , 6,56, 6, 9, 8,  ,  ,  ,  ,  ,          ,          ,        ,
 1, 1,  ,0000001012,          , 6,57, 6, 9, 8,  ,  ,  ,  ,  ,          ,          ,        ,
 1, 1,  ,0000001175,          , 6,57, 6, 9, 8,  ,  ,  ,  ,  ,          ,          ,        ,
 1, 1,  ,0000001132,          , 6,57, 6, 9, 8,  ,  ,  ,  ,  ,          ,          ,        ,
 1, 1,  ,0000002021,          , 6,58, 6, 9, 8,  ,  ,  ,  ,  ,          ,          ,        ,
 1, 1,  ,0000002038,          , 6,58, 6, 9, 8,  ,  ,  ,  ,  ,          ,          ,        ,
 1, 1,  ,0000001068,          , 7, 0, 6, 9, 8,  ,  ,  ,  ,  ,          ,          ,        ,
 1, 1,  ,0000002005,          , 7, 1, 6, 9, 8,  ,  ,  ,  ,  ,          ,          ,        ,
 1, 1,  ,0000003026,          , 7, 3, 6, 9, 8,  ,  ,  ,  ,  ,          ,          ,        ,
 1, 1,  ,0000002027,          , 7, 4, 6, 9, 8,  ,  ,  ,  ,  ,          ,          ,        ,
 1, 1,  ,0000001123,          , 7, 4, 6, 9, 8,  ,  ,  ,  ,  ,          ,          ,        ,
 1, 1,  ,0000002009,          , 7, 4, 6, 9, 8,  ,  ,  ,  ,  ,          ,          ,        ,
 1, 1,  ,0000002031,          , 7,16, 6, 9, 8,  ,  ,  ,  ,  ,          ,          ,        ,
 1, 1,  ,0000001183,          , 7,30, 6, 9, 8,  ,  ,  ,  ,  ,          ,          ,        ,
 1, 1,  ,0000001149,          , 7,46, 6, 9, 8,  ,  ,  ,  ,  ,          ,          ,        ,
 1, 1,  ,0000002036,          , 7,48, 6, 9, 8,  ,  ,  ,  ,  ,          ,          ,        ,
 1, 1,  ,0000001054,          , 7,49, 6, 9, 8,  ,  ,  ,  ,  ,          ,          ,        ,
 1, 1,  ,0000001186,          , 7,50, 6, 9, 8,  ,  ,  ,  ,  ,          ,          ,        ,
 1, 1,  ,0000003031,          , 7,57, 6, 9, 8,  ,  ,  ,  ,  ,          ,          ,        ,
 1, 1,  ,0000001118,          , 7,58, 6, 9, 8,  ,  ,  ,  ,  ,          ,          ,        ,
 1, 1,  ,0000003030,          , 7,59, 6, 9, 8,  ,  ,  ,  ,  ,          ,          ,        ,
 1, 1,  ,0000003016,          , 8, 0, 6, 9, 8,  ,  ,  ,  ,  ,          ,          ,        ,
 1, 1,  ,0000001135,          , 8, 0, 6, 9, 8,  ,  ,  ,  ,  ,          ,          ,        ,
 1, 1,  ,0000003027,          , 8, 4, 6, 9, 8,  ,  ,  ,  ,  ,          ,          ,        ,
 1, 1,  ,0000002037,          , 8, 4, 6, 9, 8,  ,  ,  ,  ,  ,          ,          ,        ,
 1, 1,  ,0000001167,          , 8, 6, 6, 9, 8,  ,  ,  ,  ,  ,          ,          ,        ,
 1, 1,  ,0000002016,          , 8,11, 6, 9, 8,  ,  ,  ,  ,  ,          ,          ,        ,
 1, 1,  ,0000003003,          , 8,12, 6, 9, 8,  ,  ,  ,  ,  ,          ,          ,        ,
 1, 1,  ,0000001067,          , 8,23, 6, 9, 8,  ,  ,  ,  ,  ,          ,          ,        ,
 1, 1,  ,0000003022,          , 8,25, 6, 9, 8,  ,  ,  ,  ,  ,          ,          ,        ,
 1, 1,  ,0000002036,          , 8,39, 6, 9, 8,  ,  ,  ,  ,  ,          ,          ,        ,
 1, 1,  ,0000001169,          , 8,39, 6, 9, 8,  ,  ,  ,  ,  ,          ,          ,        ,
