 1, 1,  ,0000001140,          ,10, 2, 6, 2, 8,  ,  ,  ,  ,  ,          ,          ,        ,
 1, 1,  ,0000002018,          ,10, 2, 6, 2, 8,  ,  ,  ,  ,  ,          ,          ,        ,
 1, 1,  ,0000002026,          ,10, 3, 6, 2, 8,  ,  ,  ,  ,  ,          ,          ,        ,
 1, 1,  ,0000001139,          ,10,45, 6, 2, 8,  ,  ,  ,  ,  ,          ,          ,        ,
 1, 1,  ,0000001085,          ,10,46, 6, 2, 8,  ,  ,  ,  ,  ,          ,          ,        ,
 1, 1,  ,0000002043,          ,10,46, 6, 2, 8,  ,  ,  ,  ,  ,          ,          ,        ,
 1, 1,  ,0000001179,          ,10,55, 6, 2, 8,  ,  ,  ,  ,  ,          ,          ,        ,
 1, 1,  ,0000001135,          ,11,26, 6, 2, 8,  ,  ,  ,  ,  ,          ,          ,        ,
 1, 1,  ,0000002028,          ,12, 9, 6, 2, 8,  ,  ,  ,  ,  ,          ,          ,        ,
 1, 1,  ,0000003029,          ,13, 0, 6, 2, 8,  ,  ,  ,  ,  ,          ,          ,        ,
 1, 1,  ,0000001093,          ,13, 3, 6, 2, 8,  ,  ,  ,  ,  ,          ,          ,        ,
 1, 1,  ,0000002007,          ,13, 6, 6, 2, 8,  ,  ,  ,  ,  ,          ,          ,        ,
 1, 1,  ,0000002030,          ,13, 9, 6, 2, 8,  ,  ,  ,  ,  ,          ,          ,        ,
 1, 1,  ,0000001151,          ,13,11, 6, 2, 8,  ,  ,  ,  ,  ,          ,          ,        ,
 1, 1,  ,0000001063,          ,13,16, 6, 2, 8,  ,  ,  ,  ,  ,          ,          ,        ,
 1, 1,  ,0000001077,          ,13,16, 6, 2, 8,  ,  ,  ,  ,  ,          ,          ,        ,
 1, 1,  ,0000001136,          ,13,17, 6, 2, 8,  ,  ,  ,  ,  ,          ,          ,        ,
 1, 1,  ,0000001138,          ,13,31, 6, 2, 8,  ,  ,  ,  ,  ,          ,          ,        ,
 1, 1,  ,0000002035,          ,13,49, 6, 2, 8,  ,  ,  ,  ,  ,          ,          ,        ,
 1, 1,  ,0000001134,          ,14, 0, 6, 2, 8,  ,  ,  ,  ,  ,          ,          ,        ,
 1, 1,  ,0000002032,          ,14, 7, 6, 2, 8,  ,  ,  ,  ,  ,          ,          ,        ,
 1, 1,  ,0000002003,          ,14,18, 6, 2, 8,  ,  ,  ,  ,  ,          ,          ,        ,
 1, 1,  ,0000001106,          ,14,32, 6, 2, 8,  ,  ,  ,  ,  ,          ,          ,        ,
 1, 1,  ,0000001069,          ,14,35, 6, 2, 8,  ,  ,  ,  ,  ,          ,          ,        ,
 1, 1,  ,0000001008,          ,14,35, 6, 2, 8,  ,  ,  ,  ,  ,          ,          ,        ,
 1, 1,  ,0000001055,          ,14,35, 6, 2, 8,  ,  ,  ,  ,  ,          ,          ,        ,
 1, 1,  ,0000001075,          ,14,46, 6, 2, 8,  ,  ,  ,  ,  ,          ,          ,        ,
 1, 1,  ,0000001130,          ,14,49, 6, 2, 8,  ,  ,  ,  ,  ,          ,          ,        ,
 1, 1,  ,0000001158,          ,15, 4, 6, 2, 8,  ,  ,  ,  ,  ,          ,          ,        ,
 1, 1,  ,0000001030,          ,15, 4, 6, 2, 8,  ,  ,  ,  ,  ,          ,          ,        ,
 1, 1,  ,0000001123,          ,15, 6, 6, 2, 8,  ,  ,  ,  ,  ,          ,          ,        ,
 1, 1,  ,0000001012,          ,15, 7, 6, 2, 8,  ,  ,  ,  ,  ,          ,          ,        ,
 1, 1,  ,0000001152,          ,15, 8, 6, 2, 8,  ,  ,  ,  ,  ,          ,          ,        ,
 1, 1,  ,0000002012,          ,15, 8, 6, 2, 8,  ,  ,  ,  ,  ,          ,          ,        ,
 1, 1,  ,0000001161,          ,15,11, 6, 2, 8,  ,  ,  ,  ,  ,          ,          ,        ,
 1, 1,  ,0000002027,          ,15,14, 6, 2, 8,  ,  ,  ,  ,  ,          ,          ,        ,
 1, 1,  ,0000001175,          ,15,15, 6, 2, 8,  ,  ,  ,  ,  ,          ,          ,        ,
 1, 1,  ,0000002021,          ,15,15, 6, 2, 8,  ,  ,  ,  ,  ,          ,          ,        ,
 1, 1,  ,0000001068,          ,16, 0, 6, 2, 8,  ,  ,  ,  ,  ,          ,          ,        ,
 1, 1,  ,0000001166,          ,16, 0, 6, 2, 8,  ,  ,  ,  ,  ,          ,          ,        ,
 1, 1,  ,0000001193,          ,16, 0, 6, 2, 8,  ,  ,  ,  ,  ,          ,          ,        ,
 1, 1,  ,0000001144,          ,16, 0, 6, 2, 8,  ,  ,  ,  ,  ,          ,          ,        ,
 1, 1,  ,0000001183,          ,16, 0, 6, 2, 8,  ,  ,  ,  ,  ,          ,          ,        ,
 1, 1,  ,0000001177,          ,16, 1, 6, 2, 8,  ,  ,  ,  ,  ,          ,          ,        ,
 1, 1,  ,0000002015,          ,16, 2, 6, 2, 8,  ,  ,  ,  ,  ,          ,          ,        ,
 1, 1,  ,0000001142,          ,16, 4, 6, 2, 8,  ,  ,  ,  ,  ,          ,          ,        ,
 1, 1,  ,0000001191,          ,16,16, 6, 2, 8,  ,  ,  ,  ,  ,          ,          ,        ,
 1, 1,  ,0000002005,          ,16,20, 6, 2, 8,  ,  ,  ,  ,  ,          ,          ,        ,
 1, 1,  ,0000001149,          ,16,27, 6, 2, 8,  ,  ,  ,  ,  ,          ,          ,        ,
 1, 1,  ,0000003016,          ,16,30, 6, 2, 8,  ,  ,  ,  ,  ,          ,          ,        ,
 1, 1,  ,0000003019,          ,16,35, 6, 2, 8,  ,  ,  ,  ,  ,          ,          ,        ,
 1, 1,  ,0000001074,          ,16,35, 6, 2, 8,  ,  ,  ,  ,  ,          ,          ,        ,
 1, 1,  ,0000003022,          ,16,38, 6, 2, 8,  ,  ,  ,  ,  ,          ,          ,        ,
 1, 1,  ,0000001173,          ,16,46, 6, 2, 8,  ,  ,  ,  ,  ,          ,          ,        ,
 1, 1,  ,0000002009,          ,16,51, 6, 2, 8,  ,  ,  ,  ,  ,          ,          ,        ,
 1, 1,  ,0000001188,          ,16,53, 6, 2, 8,  ,  ,  ,  ,  ,          ,          ,        ,
 1, 1,  ,0000001141,          ,16,53, 6, 2, 8,  ,  ,  ,  ,  ,          ,          ,        ,
 1, 1,  ,0000001176,          ,17, 0, 6, 2, 8,  ,  ,  ,  ,  ,          ,          ,        ,
 1, 1,  ,0000003027,          ,17, 0, 6, 2, 8,  ,  ,  ,  ,  ,          ,          ,        ,
 1, 1,  ,0000003031,          ,17, 0, 6, 2, 8,  ,  ,  ,  ,  ,          ,          ,        ,
 1, 1,  ,0000001168,          ,17, 2, 6, 2, 8,  ,  ,  ,  ,  ,          ,          ,        ,
 1, 1,  ,0000002037,          ,17, 3, 6, 2, 8,  ,  ,  ,  ,  ,          ,          ,        ,
 1, 1,  ,0000003030,          ,17, 3, 6, 2, 8,  ,  ,  ,  ,  ,          ,          ,        ,
 1, 1,  ,0000001192,          ,17, 4, 6, 2, 8,  ,  ,  ,  ,  ,          ,          ,        ,
 1, 1,  ,0000002031,          ,17, 5, 6, 2, 8,  ,  ,  ,  ,  ,          ,          ,        ,
 1, 1,  ,0000001096,          ,17, 5, 6, 2, 8,  ,  ,  ,  ,  ,          ,          ,        ,
 1, 1,  ,0000001171,          ,17, 6, 6, 2, 8,  ,  ,  ,  ,  ,          ,          ,        ,
 1, 1,  ,0000001132,          ,17, 7, 6, 2, 8,  ,  ,  ,  ,  ,          ,          ,        ,
 1, 1,  ,0000001054,          ,17,10, 6, 2, 8,  ,  ,  ,  ,  ,          ,          ,        ,
 1, 1,  ,0000001186,          ,17,11, 6, 2, 8,  ,  ,  ,  ,  ,          ,          ,        ,
 1, 1,  ,0000002041,          ,17,15, 6, 2, 8,  ,  ,  ,  ,  ,          ,          ,        ,
 1, 1,  ,0000001155,          ,17,26, 6, 2, 8,  ,  ,  ,  ,  ,          ,          ,        ,
 1, 1,  ,0000001117,          ,17,28, 6, 2, 8,  ,  ,  ,  ,  ,          ,          ,        ,
 1, 1,  ,0000001122,          ,17,28, 6, 2, 8,  ,  ,  ,  ,  ,          ,          ,        ,
 1, 1,  ,0000001167,          ,17,30, 6, 2, 8,  ,  ,  ,  ,  ,          ,          ,        ,
 1, 1,  ,0000001184,          ,17,30, 6, 2, 8,  ,  ,  ,  ,  ,          ,          ,        ,
 1, 1,  ,0000001163,          ,17,30, 6, 2, 8,  ,  ,  ,  ,  ,          ,          ,        ,
 1, 1,  ,0000001113,          ,17,30, 6, 2, 8,  ,  ,  ,  ,  ,          ,          ,        ,
 1, 1,  ,0000001100,          ,17,30, 6, 2, 8,  ,  ,  ,  ,  ,          ,          ,        ,
 1, 1,  ,0000001118,          ,17,31, 6, 2, 8,  ,  ,  ,  ,  ,          ,          ,        ,
 1, 1,  ,0000002026,          ,17,35, 6, 2, 8,  ,  ,  ,  ,  ,          ,          ,        ,
 1, 1,  ,0000002016,          ,18, 0, 6, 2, 8,  ,  ,  ,  ,  ,          ,          ,        ,
 1, 1,  ,0000001137,          ,18, 0, 6, 2, 8,  ,  ,  ,  ,  ,          ,          ,        ,
 1, 1,  ,0000001128,          ,18, 1, 6, 2, 8,  ,  ,  ,  ,  ,          ,          ,        ,
 1, 1,  ,0000002038,          ,18, 1, 6, 2, 8,  ,  ,  ,  ,  ,          ,          ,        ,
 1, 1,  ,0000001169,          ,18, 1, 6, 2, 8,  ,  ,  ,  ,  ,          ,          ,        ,
 1, 1,  ,0000001140,          ,18, 1, 6, 2, 8,  ,  ,  ,  ,  ,          ,          ,        ,
 1, 1,  ,0000001102,          ,18, 3, 6, 2, 8,  ,  ,  ,  ,  ,          ,          ,        ,
 1, 1,  ,0000001145,          ,18, 5, 6, 2, 8,  ,  ,  ,  ,  ,          ,          ,        ,
 1, 1,  ,0000003026,          ,18, 9, 6, 2, 8,  ,  ,  ,  ,  ,          ,          ,        ,
 1, 1,  ,0000001180,          ,18,24, 6, 2, 8,  ,  ,  ,  ,  ,          ,          ,        ,
 1, 1,  ,0000002018,          ,18,39, 6, 2, 8,  ,  ,  ,  ,  ,          ,          ,        ,
 1, 1,  ,0000002043,          ,19, 1, 6, 2, 8,  ,  ,  ,  ,  ,          ,          ,        ,
 1, 1,  ,0000001179,          ,19, 3, 6, 2, 8,  ,  ,  ,  ,  ,          ,          ,        ,
 1, 1,  ,0000002040,          ,19, 3, 6, 2, 8,  ,  ,  ,  ,  ,          ,          ,        ,
 1, 1,  ,0000001160,          ,19, 3, 6, 2, 8,  ,  ,  ,  ,  ,          ,          ,        ,
 1, 1,  ,0000001187,          ,19, 8, 6, 2, 8,  ,  ,  ,  ,  ,          ,          ,        ,
 1, 1,  ,0000001085,          ,19, 9, 6, 2, 8,  ,  ,  ,  ,  ,          ,          ,        ,
 1, 1,  ,0000003003,          ,19,14, 6, 2, 8,  ,  ,  ,  ,  ,          ,          ,        ,
 1, 1,  ,0000001067,          ,19,17, 6, 2, 8,  ,  ,  ,  ,  ,          ,          ,        ,
 1, 1,  ,0000001139,          ,21,31, 6, 2, 8,  ,  ,  ,  ,  ,          ,          ,        ,
 1, 1,  ,0000001093,          ,23, 1, 6, 2, 8,  ,  ,  ,  ,  ,          ,          ,        ,
 1, 1,  ,0000001135,          , 1, 1, 6, 3, 8,  ,  ,  ,  ,  ,          ,          ,        ,
 1, 1,  ,0000001055,          , 2,51, 6, 3, 8,  ,  ,  ,  ,  ,          ,          ,        ,
 1, 1,  ,0000002028,          , 3,28, 6, 3, 8,  ,  ,  ,  ,  ,          ,          ,        ,
 1, 1,  ,0000001117,          , 4,31, 6, 3, 8,  ,  ,  ,  ,  ,          ,          ,        ,
 1, 1,  ,0000001102,          , 4,33, 6, 3, 8,  ,  ,  ,  ,  ,          ,          ,        ,
 1, 1,  ,0000001191,          , 4,41, 6, 3, 8,  ,  ,  ,  ,  ,          ,          ,        ,
 1, 1,  ,0000001173,          , 4,42, 6, 3, 8,  ,  ,  ,  ,  ,          ,          ,        ,
 1, 1,  ,0000001188,          , 4,43, 6, 3, 8,  ,  ,  ,  ,  ,          ,          ,        ,
 1, 1,  ,0000001176,          , 4,46, 6, 3, 8,  ,  ,  ,  ,  ,          ,          ,        ,
 1, 1,  ,0000001077,          , 4,48, 6, 3, 8,  ,  ,  ,  ,  ,          ,          ,        ,
 1, 1,  ,0000001171,          , 4,48, 6, 3, 8,  ,  ,  ,  ,  ,          ,          ,        ,
 1, 1,  ,0000001134,          , 4,50, 6, 3, 8,  ,  ,  ,  ,  ,          ,          ,        ,
 1, 1,  ,0000001138,          , 4,52, 6, 3, 8,  ,  ,  ,  ,  ,          ,          ,        ,
 1, 1,  ,0000002003,          , 4,52, 6, 3, 8,  ,  ,  ,  ,  ,          ,          ,        ,
 1, 1,  ,0000001151,          , 4,57, 6, 3, 8,  ,  ,  ,  ,  ,          ,          ,        ,
 1, 1,  ,0000001142,          , 4,57, 6, 3, 8,  ,  ,  ,  ,  ,          ,          ,        ,
 1, 1,  ,0000001063,          , 4,58, 6, 3, 8,  ,  ,  ,  ,  ,          ,          ,        ,
 1, 1,  ,0000002035,          , 5, 1, 6, 3, 8,  ,  ,  ,  ,  ,          ,          ,        ,
 1, 1,  ,0000003029,          , 5, 2, 6, 3, 8,  ,  ,  ,  ,  ,          ,          ,        ,
 1, 1,  ,0000001168,          , 5, 2, 6, 3, 8,  ,  ,  ,  ,  ,          ,          ,        ,
 1, 1,  ,0000002030,          , 5, 5, 6, 3, 8,  ,  ,  ,  ,  ,          ,          ,        ,
 1, 1,  ,0000001136,          , 5, 9, 6, 3, 8,  ,  ,  ,  ,  ,          ,          ,        ,
 1, 1,  ,0000001106,          , 5,27, 6, 3, 8,  ,  ,  ,  ,  ,          ,          ,        ,
 1, 1,  ,0000001075,          , 5,53, 6, 3, 8,  ,  ,  ,  ,  ,          ,          ,        ,
 1, 1,  ,0000001177,          , 5,54, 6, 3, 8,  ,  ,  ,  ,  ,          ,          ,        ,
 1, 1,  ,0000001130,          , 5,55, 6, 3, 8,  ,  ,  ,  ,  ,          ,          ,        ,
 1, 1,  ,0000002032,          , 5,57, 6, 3, 8,  ,  ,  ,  ,  ,          ,          ,        ,
 1, 1,  ,0000001008,          , 5,58, 6, 3, 8,  ,  ,  ,  ,  ,          ,          ,        ,
 1, 1,  ,0000001144,          , 6, 0, 6, 3, 8,  ,  ,  ,  ,  ,          ,          ,        ,
 1, 1,  ,0000001158,          , 6, 0, 6, 3, 8,  ,  ,  ,  ,  ,          ,          ,        ,
 1, 1,  ,0000002036,          , 6, 1, 6, 3, 8,  ,  ,  ,  ,  ,          ,          ,        ,
 1, 1,  ,0000001030,          , 6,41, 6, 3, 8,  ,  ,  ,  ,  ,          ,          ,        ,
 1, 1,  ,0000001167,          , 6,42, 6, 3, 8,  ,  ,  ,  ,  ,          ,          ,        ,
 1, 1,  ,0000002012,          , 6,45, 6, 3, 8,  ,  ,  ,  ,  ,          ,          ,        ,
 1, 1,  ,0000001113,          , 6,52, 6, 3, 8,  ,  ,  ,  ,  ,          ,          ,        ,
 1, 1,  ,0000001192,          , 6,53, 6, 3, 8,  ,  ,  ,  ,  ,          ,          ,        ,
 1, 1,  ,0000002043,          , 6,54, 6, 3, 8,  ,  ,  ,  ,  ,          ,          ,        ,
 1, 1,  ,0000002007,          , 6,55, 6, 3, 8,  ,  ,  ,  ,  ,          ,          ,        ,
 1, 1,  ,0000001132,          , 6,56, 6, 3, 8,  ,  ,  ,  ,  ,          ,          ,        ,
 1, 1,  ,0000001012,          , 6,56, 6, 3, 8,  ,  ,  ,  ,  ,          ,          ,        ,
 1, 1,  ,0000002038,          , 6,57, 6, 3, 8,  ,  ,  ,  ,  ,          ,          ,        ,
 1, 1,  ,0000001175,          , 6,57, 6, 3, 8,  ,  ,  ,  ,  ,          ,          ,        ,
 1, 1,  ,0000001161,          , 6,57, 6, 3, 8,  ,  ,  ,  ,  ,          ,          ,        ,
 1, 1,  ,0000001152,          , 6,58, 6, 3, 8,  ,  ,  ,  ,  ,          ,          ,        ,
 1, 1,  ,0000001118,          , 6,58, 6, 3, 8,  ,  ,  ,  ,  ,          ,          ,        ,
 1, 1,  ,0000002021,          , 7, 0, 6, 3, 8,  ,  ,  ,  ,  ,          ,          ,        ,
 1, 1,  ,0000002027,          , 7, 0, 6, 3, 8,  ,  ,  ,  ,  ,          ,          ,        ,
 1, 1,  ,0000001123,          , 7, 1, 6, 3, 8,  ,  ,  ,  ,  ,          ,          ,        ,
 1, 1,  ,0000003026,          , 7, 3, 6, 3, 8,  ,  ,  ,  ,  ,          ,          ,        ,
 1, 1,  ,0000002031,          , 7, 5, 6, 3, 8,  ,  ,  ,  ,  ,          ,          ,        ,
 1, 1,  ,0000002009,          , 7, 6, 6, 3, 8,  ,  ,  ,  ,  ,          ,          ,        ,
 1, 1,  ,0000001187,          , 7, 6, 6, 3, 8,  ,  ,  ,  ,  ,          ,          ,        ,
 1, 1,  ,0000002040,          , 7,13, 6, 3, 8,  ,  ,  ,  ,  ,          ,          ,        ,
 1, 1,  ,0000001183,          , 7,26, 6, 3, 8,  ,  ,  ,  ,  ,          ,          ,        ,
 1, 1,  ,0000002005,          , 7,30, 6, 3, 8,  ,  ,  ,  ,  ,          ,          ,        ,
 1, 1,  ,0000003027,          , 7,47, 6, 3, 8,  ,  ,  ,  ,  ,          ,          ,        ,
 1, 1,  ,0000001186,          , 7,53, 6, 3, 8,  ,  ,  ,  ,  ,          ,          ,        ,
 1, 1,  ,0000003030,          , 7,55, 6, 3, 8,  ,  ,  ,  ,  ,          ,          ,        ,
 1, 1,  ,0000001068,          , 7,55, 6, 3, 8,  ,  ,  ,  ,  ,          ,          ,        ,
 1, 1,  ,0000001186,          , 7,55, 6, 3, 8,  ,  ,  ,  ,  ,          ,          ,        ,
 1, 1,  ,0000002015,          , 7,58, 6, 3, 8,  ,  ,  ,  ,  ,          ,          ,        ,
 1, 1,  ,0000003031,          , 7,59, 6, 3, 8,  ,  ,  ,  ,  ,          ,          ,        ,
 1, 1,  ,0000002037,          , 8, 0, 6, 3, 8,  ,  ,  ,  ,  ,          ,          ,        ,
 1, 1,  ,0000001069,          , 8, 2, 6, 3, 8,  ,  ,  ,  ,  ,          ,          ,        ,
 1, 1,  ,0000003016,          , 8,12, 6, 3, 8,  ,  ,  ,  ,  ,          ,          ,        ,
 1, 1,  ,0000001067,          , 8,22, 6, 3, 8,  ,  ,  ,  ,  ,          ,          ,        ,
 1, 1,  ,0000002016,          , 8,22, 6, 3, 8,  ,  ,  ,  ,  ,          ,          ,        ,
 1, 1,  ,0000001149,          , 8,23, 6, 3, 8,  ,  ,  ,  ,  ,          ,          ,        ,
 1, 1,  ,0000003022,          , 8,25, 6, 3, 8,  ,  ,  ,  ,  ,          ,          ,        ,
 1, 1,  ,0000003003,          , 8,27, 6, 3, 8,  ,  ,  ,  ,  ,          ,          ,        ,
 1, 1,  ,0000003019,          , 8,32, 6, 3, 8,  ,  ,  ,  ,  ,          ,          ,        ,
 1, 1,  ,0000001074,          , 8,35, 6, 3, 8,  ,  ,  ,  ,  ,          ,          ,        ,
 1, 1,  ,0000001054,          , 8,47, 6, 3, 8,  ,  ,  ,  ,  ,          ,          ,        ,
 1, 1,  ,0000001141,          , 8,57, 6, 3, 8,  ,  ,  ,  ,  ,          ,          ,        ,
 1, 1,  ,0000001169,          , 8,57, 6, 3, 8,  ,  ,  ,  ,  ,          ,          ,        ,
 1, 1,  ,0000001105,          , 8,57, 6, 3, 8,  ,  ,  ,  ,  ,          ,          ,        ,
 1, 1,  ,0000001096,          , 9, 4, 6, 3, 8,  ,  ,  ,  ,  ,          ,          ,        ,
 1, 1,  ,0000001100,          , 9, 8, 6, 3, 8,  ,  ,  ,  ,  ,          ,          ,        ,
 1, 1,  ,0000001135,          , 9,51, 6, 3, 8,  ,  ,  ,  ,  ,          ,          ,        ,
 1, 1,  ,0000001179,          ,10,55, 6, 3, 8,  ,  ,  ,  ,  ,          ,          ,        ,
 1, 1,  ,0000001085,          ,10,55, 6, 3, 8,  ,  ,  ,  ,  ,          ,          ,        ,
 1, 1,  ,0000001128,          ,10,55, 6, 3, 8,  ,  ,  ,  ,  ,          ,          ,        ,
 1, 1,  ,0000001153,          ,10,58, 6, 3, 8,  ,  ,  ,  ,  ,          ,          ,        ,
 1, 1,  ,0000001093,          ,11, 5, 6, 3, 8,  ,  ,  ,  ,  ,          ,          ,        ,
 1, 1,  ,0000002028,          ,12,31, 6, 3, 8,  ,  ,  ,  ,  ,          ,          ,        ,
 1, 1,  ,0000001145,          ,12,42, 6, 3, 8,  ,  ,  ,  ,  ,          ,          ,        ,
 1, 1,  ,0000003029,          ,13, 4, 6, 3, 8,  ,  ,  ,  ,  ,          ,          ,        ,
 1, 1,  ,0000002030,          ,13,10, 6, 3, 8,  ,  ,  ,  ,  ,          ,          ,        ,
 1, 1,  ,0000001077,          ,13,12, 6, 3, 8,  ,  ,  ,  ,  ,          ,          ,        ,
 1, 1,  ,0000001136,          ,13,13, 6, 3, 8,  ,  ,  ,  ,  ,          ,          ,        ,
 1, 1,  ,0000001151,          ,13,15, 6, 3, 8,  ,  ,  ,  ,  ,          ,          ,        ,
 1, 1,  ,0000002007,          ,13,23, 6, 3, 8,  ,  ,  ,  ,  ,          ,          ,        ,
 1, 1,  ,0000001134,          ,13,31, 6, 3, 8,  ,  ,  ,  ,  ,          ,          ,        ,
 1, 1,  ,0000002021,          ,13,42, 6, 3, 8,  ,  ,  ,  ,  ,          ,          ,        ,
 1, 1,  ,0000002035,          ,13,43, 6, 3, 8,  ,  ,  ,  ,  ,          ,          ,        ,
 1, 1,  ,0000001139,          ,13,56, 6, 3, 8,  ,  ,  ,  ,  ,          ,          ,        ,
 1, 1,  ,0000001137,          ,13,59, 6, 3, 8,  ,  ,  ,  ,  ,          ,          ,        ,
 1, 1,  ,0000001055,          ,14, 1, 6, 3, 8,  ,  ,  ,  ,  ,          ,          ,        ,
 1, 1,  ,0000001102,          ,14, 1, 6, 3, 8,  ,  ,  ,  ,  ,          ,          ,        ,
 1, 1,  ,0000001138,          ,14, 8, 6, 3, 8,  ,  ,  ,  ,  ,          ,          ,        ,
