 1, 1,  ,0000001175,          ,10,58, 5,28, 8,  ,  ,  ,  ,  ,          ,          ,        ,
 1, 1,  ,0000001153,          ,11, 2, 5,28, 8,  ,  ,  ,  ,  ,          ,          ,        ,
 1, 1,  ,0000001161,          ,11, 3, 5,28, 8,  ,  ,  ,  ,  ,          ,          ,        ,
 1, 1,  ,0000001155,          ,11,38, 5,28, 8,  ,  ,  ,  ,  ,          ,          ,        ,
 1, 1,  ,0000001054,          ,11,39, 5,28, 8,  ,  ,  ,  ,  ,          ,          ,        ,
 1, 1,  ,0000001117,          ,11,39, 5,28, 8,  ,  ,  ,  ,  ,          ,          ,        ,
 1, 1,  ,0000001122,          ,11,39, 5,28, 8,  ,  ,  ,  ,  ,          ,          ,        ,
 1, 1,  ,0000001138,          ,11,54, 5,28, 8,  ,  ,  ,  ,  ,          ,          ,        ,
 1, 1,  ,0000001138,          ,11,56, 5,28, 8,  ,  ,  ,  ,  ,          ,          ,        ,
 1, 1,  ,0000001118,          ,11,57, 5,28, 8,  ,  ,  ,  ,  ,          ,          ,        ,
 1, 1,  ,0000001141,          ,11,58, 5,28, 8,  ,  ,  ,  ,  ,          ,          ,        ,
 1, 1,  ,0000001140,          ,12, 3, 5,28, 8,  ,  ,  ,  ,  ,          ,          ,        ,
 1, 1,  ,0000001145,          ,12,44, 5,28, 8,  ,  ,  ,  ,  ,          ,          ,        ,
 1, 1,  ,0000002038,          ,12,57, 5,28, 8,  ,  ,  ,  ,  ,          ,          ,        ,
 1, 1,  ,0000001134,          ,13, 1, 5,28, 8,  ,  ,  ,  ,  ,          ,          ,        ,
 1, 1,  ,0000001077,          ,13, 1, 5,28, 8,  ,  ,  ,  ,  ,          ,          ,        ,
 1, 1,  ,0000001185,          ,13, 7, 5,28, 8,  ,  ,  ,  ,  ,          ,          ,        ,
 1, 1,  ,0000002030,          ,13, 8, 5,28, 8,  ,  ,  ,  ,  ,          ,          ,        ,
 1, 1,  ,0000001151,          ,13,12, 5,28, 8,  ,  ,  ,  ,  ,          ,          ,        ,
 1, 1,  ,0000001171,          ,13,16, 5,28, 8,  ,  ,  ,  ,  ,          ,          ,        ,
 1, 1,  ,0000001192,          ,13,24, 5,28, 8,  ,  ,  ,  ,  ,          ,          ,        ,
 1, 1,  ,0000001188,          ,13,25, 5,28, 8,  ,  ,  ,  ,  ,          ,          ,        ,
 1, 1,  ,0000001173,          ,13,25, 5,28, 8,  ,  ,  ,  ,  ,          ,          ,        ,
 1, 1,  ,0000001176,          ,13,25, 5,28, 8,  ,  ,  ,  ,  ,          ,          ,        ,
 1, 1,  ,0000001177,          ,13,30, 5,28, 8,  ,  ,  ,  ,  ,          ,          ,        ,
 1, 1,  ,0000001100,          ,13,36, 5,28, 8,  ,  ,  ,  ,  ,          ,          ,        ,
 1, 1,  ,0000001138,          ,13,36, 5,28, 8,  ,  ,  ,  ,  ,          ,          ,        ,
 1, 1,  ,0000003029,          ,13,40, 5,28, 8,  ,  ,  ,  ,  ,          ,          ,        ,
 1, 1,  ,0000001194,          ,13,45, 5,28, 8,  ,  ,  ,  ,  ,          ,          ,        ,
 1, 1,  ,0000001193,          ,13,46, 5,28, 8,  ,  ,  ,  ,  ,          ,          ,        ,
 1, 1,  ,0000001146,          ,13,46, 5,28, 8,  ,  ,  ,  ,  ,          ,          ,        ,
 1, 1,  ,0000001160,          ,13,55, 5,28, 8,  ,  ,  ,  ,  ,          ,          ,        ,
 1, 1,  ,0000001166,          ,13,57, 5,28, 8,  ,  ,  ,  ,  ,          ,          ,        ,
 1, 1,  ,0000001181,          ,14, 1, 5,28, 8,  ,  ,  ,  ,  ,          ,          ,        ,
 1, 1,  ,0000002018,          ,14,23, 5,28, 8,  ,  ,  ,  ,  ,          ,          ,        ,
 1, 1,  ,0000002035,          ,14,28, 5,28, 8,  ,  ,  ,  ,  ,          ,          ,        ,
 1, 1,  ,0000001030,          ,14,53, 5,28, 8,  ,  ,  ,  ,  ,          ,          ,        ,
 1, 1,  ,0000001158,          ,15, 0, 5,28, 8,  ,  ,  ,  ,  ,          ,          ,        ,
 1, 1,  ,0000001144,          ,15, 0, 5,28, 8,  ,  ,  ,  ,  ,          ,          ,        ,
 1, 1,  ,0000001008,          ,15, 1, 5,28, 8,  ,  ,  ,  ,  ,          ,          ,        ,
 1, 1,  ,0000001130,          ,15, 1, 5,28, 8,  ,  ,  ,  ,  ,          ,          ,        ,
 1, 1,  ,0000001075,          ,15, 1, 5,28, 8,  ,  ,  ,  ,  ,          ,          ,        ,
 1, 1,  ,0000002021,          ,15, 3, 5,28, 8,  ,  ,  ,  ,  ,          ,          ,        ,
 1, 1,  ,0000001135,          ,15, 3, 5,28, 8,  ,  ,  ,  ,  ,          ,          ,        ,
 1, 1,  ,0000002032,          ,15, 4, 5,28, 8,  ,  ,  ,  ,  ,          ,          ,        ,
 1, 1,  ,0000001123,          ,15, 7, 5,28, 8,  ,  ,  ,  ,  ,          ,          ,        ,
 1, 1,  ,0000002043,          ,15, 8, 5,28, 8,  ,  ,  ,  ,  ,          ,          ,        ,
 1, 1,  ,0000001179,          ,15, 8, 5,28, 8,  ,  ,  ,  ,  ,          ,          ,        ,
 1, 1,  ,0000002012,          ,15, 8, 5,28, 8,  ,  ,  ,  ,  ,          ,          ,        ,
 1, 1,  ,0000001085,          ,15, 9, 5,28, 8,  ,  ,  ,  ,  ,          ,          ,        ,
 1, 1,  ,0000001012,          ,15,30, 5,28, 8,  ,  ,  ,  ,  ,          ,          ,        ,
 1, 1,  ,0000002027,          ,15,32, 5,28, 8,  ,  ,  ,  ,  ,          ,          ,        ,
 1, 1,  ,0000001068,          ,16, 2, 5,28, 8,  ,  ,  ,  ,  ,          ,          ,        ,
 1, 1,  ,0000003019,          ,16,30, 5,28, 8,  ,  ,  ,  ,  ,          ,          ,        ,
 1, 1,  ,0000003016,          ,16,31, 5,28, 8,  ,  ,  ,  ,  ,          ,          ,        ,
 1, 1,  ,0000003022,          ,16,31, 5,28, 8,  ,  ,  ,  ,  ,          ,          ,        ,
 1, 1,  ,0000001186,          ,16,33, 5,28, 8,  ,  ,  ,  ,  ,          ,          ,        ,
 1, 1,  ,0000002015,          ,17, 1, 5,28, 8,  ,  ,  ,  ,  ,          ,          ,        ,
 1, 1,  ,0000003030,          ,17, 7, 5,28, 8,  ,  ,  ,  ,  ,          ,          ,        ,
 1, 1,  ,0000003031,          ,17,11, 5,28, 8,  ,  ,  ,  ,  ,          ,          ,        ,
 1, 1,  ,0000003027,          ,17,16, 5,28, 8,  ,  ,  ,  ,  ,          ,          ,        ,
 1, 1,  ,0000002037,          ,17,23, 5,28, 8,  ,  ,  ,  ,  ,          ,          ,        ,
 1, 1,  ,0000002007,          ,17,23, 5,28, 8,  ,  ,  ,  ,  ,          ,          ,        ,
 1, 1,  ,0000001180,          ,17,26, 5,28, 8,  ,  ,  ,  ,  ,          ,          ,        ,
 1, 1,  ,0000001067,          ,17,30, 5,28, 8,  ,  ,  ,  ,  ,          ,          ,        ,
 1, 1,  ,0000001137,          ,17,32, 5,28, 8,  ,  ,  ,  ,  ,          ,          ,        ,
 1, 1,  ,0000002041,          ,17,32, 5,28, 8,  ,  ,  ,  ,  ,          ,          ,        ,
 1, 1,  ,0000003003,          ,17,37, 5,28, 8,  ,  ,  ,  ,  ,          ,          ,        ,
 1, 1,  ,0000002016,          ,17,47, 5,28, 8,  ,  ,  ,  ,  ,          ,          ,        ,
 1, 1,  ,0000002005,          ,17,56, 5,28, 8,  ,  ,  ,  ,  ,          ,          ,        ,
 1, 1,  ,0000001106,          ,18, 1, 5,28, 8,  ,  ,  ,  ,  ,          ,          ,        ,
 1, 1,  ,0000001096,          ,18, 2, 5,28, 8,  ,  ,  ,  ,  ,          ,          ,        ,
 1, 1,  ,0000001069,          ,18, 5, 5,28, 8,  ,  ,  ,  ,  ,          ,          ,        ,
 1, 1,  ,0000001167,          ,18,12, 5,28, 8,  ,  ,  ,  ,  ,          ,          ,        ,
 1, 1,  ,0000001168,          ,18,13, 5,28, 8,  ,  ,  ,  ,  ,          ,          ,        ,
 1, 1,  ,0000001163,          ,18,14, 5,28, 8,  ,  ,  ,  ,  ,          ,          ,        ,
 1, 1,  ,0000001132,          ,18,14, 5,28, 8,  ,  ,  ,  ,  ,          ,          ,        ,
 1, 1,  ,0000001168,          ,18,14, 5,28, 8,  ,  ,  ,  ,  ,          ,          ,        ,
 1, 1,  ,0000001169,          ,18,31, 5,28, 8,  ,  ,  ,  ,  ,          ,          ,        ,
 1, 1,  ,0000001093,          ,18,31, 5,28, 8,  ,  ,  ,  ,  ,          ,          ,        ,
 1, 1,  ,0000002026,          ,18,32, 5,28, 8,  ,  ,  ,  ,  ,          ,          ,        ,
 1, 1,  ,0000002031,          ,18,35, 5,28, 8,  ,  ,  ,  ,  ,          ,          ,        ,
 1, 1,  ,0000003026,          ,18,37, 5,28, 8,  ,  ,  ,  ,  ,          ,          ,        ,
 1, 1,  ,0000002009,          ,18,38, 5,28, 8,  ,  ,  ,  ,  ,          ,          ,        ,
 1, 1,  ,0000001128,          ,18,46, 5,28, 8,  ,  ,  ,  ,  ,          ,          ,        ,
 1, 1,  ,0000002036,          ,18,54, 5,28, 8,  ,  ,  ,  ,  ,          ,          ,        ,
 1, 1,  ,0000001183,          ,19, 0, 5,28, 8,  ,  ,  ,  ,  ,          ,          ,        ,
 1, 1,  ,0000001113,          ,19, 5, 5,28, 8,  ,  ,  ,  ,  ,          ,          ,        ,
 1, 1,  ,0000001153,          ,19, 6, 5,28, 8,  ,  ,  ,  ,  ,          ,          ,        ,
 1, 1,  ,0000001187,          ,19, 9, 5,28, 8,  ,  ,  ,  ,  ,          ,          ,        ,
 1, 1,  ,0000001175,          ,19,10, 5,28, 8,  ,  ,  ,  ,  ,          ,          ,        ,
 1, 1,  ,0000001161,          ,19,21, 5,28, 8,  ,  ,  ,  ,  ,          ,          ,        ,
 1, 1,  ,0000002040,          ,19,27, 5,28, 8,  ,  ,  ,  ,  ,          ,          ,        ,
 1, 1,  ,0000001117,          ,21,49, 5,28, 8,  ,  ,  ,  ,  ,          ,          ,        ,
 1, 1,  ,0000001118,          ,21,49, 5,28, 8,  ,  ,  ,  ,  ,          ,          ,        ,
 1, 1,  ,0000001122,          ,21,49, 5,28, 8,  ,  ,  ,  ,  ,          ,          ,        ,
 1, 1,  ,0000001054,          ,21,50, 5,28, 8,  ,  ,  ,  ,  ,          ,          ,        ,
 1, 1,  ,0000001141,          ,21,54, 5,28, 8,  ,  ,  ,  ,  ,          ,          ,        ,
 1, 1,  ,0000001155,          ,22, 6, 5,28, 8,  ,  ,  ,  ,  ,          ,          ,        ,
 1, 1,  ,0000001140,          ,22, 7, 5,28, 8,  ,  ,  ,  ,  ,          ,          ,        ,
 1, 1,  ,0000001193,          ,22, 9, 5,28, 8,  ,  ,  ,  ,  ,          ,          ,        ,
 1, 1,  ,0000001194,          ,22, 9, 5,28, 8,  ,  ,  ,  ,  ,          ,          ,        ,
 1, 1,  ,0000001138,          ,22,11, 5,28, 8,  ,  ,  ,  ,  ,          ,          ,        ,
 1, 1,  ,0000001166,          ,22,13, 5,28, 8,  ,  ,  ,  ,  ,          ,          ,        ,
 1, 1,  ,0000001146,          ,22,13, 5,28, 8,  ,  ,  ,  ,  ,          ,          ,        ,
 1, 1,  ,0000002003,          ,22,27, 5,28, 8,  ,  ,  ,  ,  ,          ,          ,        ,
 1, 1,  ,0000001145,          ,22,28, 5,28, 8,  ,  ,  ,  ,  ,          ,          ,        ,
 1, 1,  ,0000001063,          ,22,28, 5,28, 8,  ,  ,  ,  ,  ,          ,          ,        ,
 1, 1,  ,0000002038,          ,23, 3, 5,28, 8,  ,  ,  ,  ,  ,          ,          ,        ,
 1, 1,  ,0000001160,          ,23, 3, 5,28, 8,  ,  ,  ,  ,  ,          ,          ,        ,
 1, 1,  ,0000001135,          , 1, 9, 5,29, 8,  ,  ,  ,  ,  ,          ,          ,        ,
 1, 1,  ,0000001139,          , 2, 3, 5,29, 8,  ,  ,  ,  ,  ,          ,          ,        ,
 1, 1,  ,0000002018,          , 4,28, 5,29, 8,  ,  ,  ,  ,  ,          ,          ,        ,
 1, 1,  ,0000001069,          , 4,30, 5,29, 8,  ,  ,  ,  ,  ,          ,          ,        ,
 1, 1,  ,0000001192,          , 4,39, 5,29, 8,  ,  ,  ,  ,  ,          ,          ,        ,
 1, 1,  ,0000001171,          , 4,44, 5,29, 8,  ,  ,  ,  ,  ,          ,          ,        ,
 1, 1,  ,0000001168,          , 4,44, 5,29, 8,  ,  ,  ,  ,  ,          ,          ,        ,
 1, 1,  ,0000001077,          , 4,46, 5,29, 8,  ,  ,  ,  ,  ,          ,          ,        ,
 1, 1,  ,0000001128,          , 4,47, 5,29, 8,  ,  ,  ,  ,  ,          ,          ,        ,
 1, 1,  ,0000001188,          , 4,48, 5,29, 8,  ,  ,  ,  ,  ,          ,          ,        ,
 1, 1,  ,0000001185,          , 4,49, 5,29, 8,  ,  ,  ,  ,  ,          ,          ,        ,
 1, 1,  ,0000001137,          , 4,50, 5,29, 8,  ,  ,  ,  ,  ,          ,          ,        ,
 1, 1,  ,0000001134,          , 4,56, 5,29, 8,  ,  ,  ,  ,  ,          ,          ,        ,
 1, 1,  ,0000002003,          , 4,57, 5,29, 8,  ,  ,  ,  ,  ,          ,          ,        ,
 1, 1,  ,0000001163,          , 4,57, 5,29, 8,  ,  ,  ,  ,  ,          ,          ,        ,
 1, 1,  ,0000001151,          , 4,59, 5,29, 8,  ,  ,  ,  ,  ,          ,          ,        ,
 1, 1,  ,0000002035,          , 4,59, 5,29, 8,  ,  ,  ,  ,  ,          ,          ,        ,
 1, 1,  ,0000002030,          , 5, 2, 5,29, 8,  ,  ,  ,  ,  ,          ,          ,        ,
 1, 1,  ,0000003029,          , 5, 4, 5,29, 8,  ,  ,  ,  ,  ,          ,          ,        ,
 1, 1,  ,0000001100,          , 5,32, 5,29, 8,  ,  ,  ,  ,  ,          ,          ,        ,
 1, 1,  ,0000001177,          , 5,46, 5,29, 8,  ,  ,  ,  ,  ,          ,          ,        ,
 1, 1,  ,0000001075,          , 5,53, 5,29, 8,  ,  ,  ,  ,  ,          ,          ,        ,
 1, 1,  ,0000001008,          , 5,56, 5,29, 8,  ,  ,  ,  ,  ,          ,          ,        ,
 1, 1,  ,0000001158,          , 5,59, 5,29, 8,  ,  ,  ,  ,  ,          ,          ,        ,
 1, 1,  ,0000001144,          , 5,59, 5,29, 8,  ,  ,  ,  ,  ,          ,          ,        ,
 1, 1,  ,0000002032,          , 6, 0, 5,29, 8,  ,  ,  ,  ,  ,          ,          ,        ,
 1, 1,  ,0000002015,          , 6,30, 5,29, 8,  ,  ,  ,  ,  ,          ,          ,        ,
 1, 1,  ,0000001030,          , 6,36, 5,29, 8,  ,  ,  ,  ,  ,          ,          ,        ,
 1, 1,  ,0000001117,          , 6,40, 5,29, 8,  ,  ,  ,  ,  ,          ,          ,        ,
 1, 1,  ,0000001136,          , 6,43, 5,29, 8,  ,  ,  ,  ,  ,          ,          ,        ,
 1, 1,  ,0000001167,          , 6,44, 5,29, 8,  ,  ,  ,  ,  ,          ,          ,        ,
 1, 1,  ,0000002012,          , 6,45, 5,29, 8,  ,  ,  ,  ,  ,          ,          ,        ,
 1, 1,  ,0000001176,          , 6,48, 5,29, 8,  ,  ,  ,  ,  ,          ,          ,        ,
 1, 1,  ,0000001122,          , 6,49, 5,29, 8,  ,  ,  ,  ,  ,          ,          ,        ,
 1, 1,  ,0000001054,          , 6,50, 5,29, 8,  ,  ,  ,  ,  ,          ,          ,        ,
 1, 1,  ,0000001181,          , 6,53, 5,29, 8,  ,  ,  ,  ,  ,          ,          ,        ,
 1, 1,  ,0000001130,          , 6,53, 5,29, 8,  ,  ,  ,  ,  ,          ,          ,        ,
 1, 1,  ,0000001113,          , 6,53, 5,29, 8,  ,  ,  ,  ,  ,          ,          ,        ,
 1, 1,  ,0000001179,          , 6,54, 5,29, 8,  ,  ,  ,  ,  ,          ,          ,        ,
 1, 1,  ,0000002007,          , 6,55, 5,29, 8,  ,  ,  ,  ,  ,          ,          ,        ,
 1, 1,  ,0000001085,          , 6,56, 5,29, 8,  ,  ,  ,  ,  ,          ,          ,        ,
 1, 1,  ,0000001132,          , 6,56, 5,29, 8,  ,  ,  ,  ,  ,          ,          ,        ,
 1, 1,  ,0000002021,          , 6,58, 5,29, 8,  ,  ,  ,  ,  ,          ,          ,        ,
 1, 1,  ,0000002027,          , 6,58, 5,29, 8,  ,  ,  ,  ,  ,          ,          ,        ,
 1, 1,  ,0000001012,          , 6,59, 5,29, 8,  ,  ,  ,  ,  ,          ,          ,        ,
 1, 1,  ,0000003026,          , 7, 3, 5,29, 8,  ,  ,  ,  ,  ,          ,          ,        ,
 1, 1,  ,0000002040,          , 7, 3, 5,29, 8,  ,  ,  ,  ,  ,          ,          ,        ,
 1, 1,  ,0000001123,          , 7, 3, 5,29, 8,  ,  ,  ,  ,  ,          ,          ,        ,
 1, 1,  ,0000001187,          , 7, 4, 5,29, 8,  ,  ,  ,  ,  ,          ,          ,        ,
 1, 1,  ,0000002041,          , 7, 4, 5,29, 8,  ,  ,  ,  ,  ,          ,          ,        ,
 1, 1,  ,0000001093,          , 7, 6, 5,29, 8,  ,  ,  ,  ,  ,          ,          ,        ,
 1, 1,  ,0000001102,          , 7,24, 5,29, 8,  ,  ,  ,  ,  ,          ,          ,        ,
 1, 1,  ,0000001183,          , 7,27, 5,29, 8,  ,  ,  ,  ,  ,          ,          ,        ,
 1, 1,  ,0000002005,          , 7,31, 5,29, 8,  ,  ,  ,  ,  ,          ,          ,        ,
 1, 1,  ,0000002031,          , 7,38, 5,29, 8,  ,  ,  ,  ,  ,          ,          ,        ,
 1, 1,  ,0000002036,          , 7,44, 5,29, 8,  ,  ,  ,  ,  ,          ,          ,        ,
 1, 1,  ,0000003027,          , 7,46, 5,29, 8,  ,  ,  ,  ,  ,          ,          ,        ,
 1, 1,  ,0000001186,          , 7,47, 5,29, 8,  ,  ,  ,  ,  ,          ,          ,        ,
 1, 1,  ,0000003030,          , 7,49, 5,29, 8,  ,  ,  ,  ,  ,          ,          ,        ,
 1, 1,  ,0000002026,          , 7,53, 5,29, 8,  ,  ,  ,  ,  ,          ,          ,        ,
 1, 1,  ,0000001068,          , 7,56, 5,29, 8,  ,  ,  ,  ,  ,          ,          ,        ,
 1, 1,  ,0000003016,          , 7,58, 5,29, 8,  ,  ,  ,  ,  ,          ,          ,        ,
 1, 1,  ,0000003031,          , 8, 1, 5,29, 8,  ,  ,  ,  ,  ,          ,          ,        ,
 1, 1,  ,0000003003,          , 8, 9, 5,29, 8,  ,  ,  ,  ,  ,          ,          ,        ,
