 1, 1,  ,0000001146,          , 9,47, 6,11, 8,  ,  ,  ,  ,  ,          ,          ,        ,
 1, 1,  ,0000001055,          , 9,48, 6,11, 8,  ,  ,  ,  ,  ,          ,          ,        ,
 1, 1,  ,0000001193,          , 9,48, 6,11, 8,  ,  ,  ,  ,  ,          ,          ,        ,
 1, 1,  ,0000001106,          , 9,48, 6,11, 8,  ,  ,  ,  ,  ,          ,          ,        ,
 1, 1,  ,0000001063,          , 9,52, 6,11, 8,  ,  ,  ,  ,  ,          ,          ,        ,
 1, 1,  ,0000002003,          , 9,53, 6,11, 8,  ,  ,  ,  ,  ,          ,          ,        ,
 1, 1,  ,0000001194,          , 9,55, 6,11, 8,  ,  ,  ,  ,  ,          ,          ,        ,
 1, 1,  ,0000001166,          , 9,55, 6,11, 8,  ,  ,  ,  ,  ,          ,          ,        ,
 1, 1,  ,0000001102,          ,10, 0, 6,11, 8,  ,  ,  ,  ,  ,          ,          ,        ,
 1, 1,  ,0000001139,          ,10, 3, 6,11, 8,  ,  ,  ,  ,  ,          ,          ,        ,
 1, 1,  ,0000001179,          ,10,45, 6,11, 8,  ,  ,  ,  ,  ,          ,          ,        ,
 1, 1,  ,0000001113,          ,10,51, 6,11, 8,  ,  ,  ,  ,  ,          ,          ,        ,
 1, 1,  ,0000002043,          ,10,54, 6,11, 8,  ,  ,  ,  ,  ,          ,          ,        ,
 1, 1,  ,0000001085,          ,10,57, 6,11, 8,  ,  ,  ,  ,  ,          ,          ,        ,
 1, 1,  ,0000001160,          ,10,58, 6,11, 8,  ,  ,  ,  ,  ,          ,          ,        ,
 1, 1,  ,0000002028,          ,11,46, 6,11, 8,  ,  ,  ,  ,  ,          ,          ,        ,
 1, 1,  ,0000001140,          ,11,50, 6,11, 8,  ,  ,  ,  ,  ,          ,          ,        ,
 1, 1,  ,0000001171,          ,12, 1, 6,11, 8,  ,  ,  ,  ,  ,          ,          ,        ,
 1, 1,  ,0000002018,          ,12,33, 6,11, 8,  ,  ,  ,  ,  ,          ,          ,        ,
 1, 1,  ,0000001093,          ,12,58, 6,11, 8,  ,  ,  ,  ,  ,          ,          ,        ,
 1, 1,  ,0000001137,          ,13, 0, 6,11, 8,  ,  ,  ,  ,  ,          ,          ,        ,
 1, 1,  ,0000003029,          ,13, 9, 6,11, 8,  ,  ,  ,  ,  ,          ,          ,        ,
 1, 1,  ,0000001164,          ,13,11, 6,11, 8,  ,  ,  ,  ,  ,          ,          ,        ,
 1, 1,  ,0000002007,          ,13,13, 6,11, 8,  ,  ,  ,  ,  ,          ,          ,        ,
 1, 1,  ,0000002030,          ,13,16, 6,11, 8,  ,  ,  ,  ,  ,          ,          ,        ,
 1, 1,  ,0000001153,          ,13,16, 6,11, 8,  ,  ,  ,  ,  ,          ,          ,        ,
 1, 1,  ,0000001134,          ,13,30, 6,11, 8,  ,  ,  ,  ,  ,          ,          ,        ,
 1, 1,  ,0000001077,          ,13,30, 6,11, 8,  ,  ,  ,  ,  ,          ,          ,        ,
 1, 1,  ,0000001138,          ,14, 3, 6,11, 8,  ,  ,  ,  ,  ,          ,          ,        ,
 1, 1,  ,0000001008,          ,14,12, 6,11, 8,  ,  ,  ,  ,  ,          ,          ,        ,
 1, 1,  ,0000002032,          ,14,13, 6,11, 8,  ,  ,  ,  ,  ,          ,          ,        ,
 1, 1,  ,0000001030,          ,14,30, 6,11, 8,  ,  ,  ,  ,  ,          ,          ,        ,
 1, 1,  ,0000002035,          ,14,45, 6,11, 8,  ,  ,  ,  ,  ,          ,          ,        ,
 1, 1,  ,0000001151,          ,15, 2, 6,11, 8,  ,  ,  ,  ,  ,          ,          ,        ,
 1, 1,  ,0000002021,          ,15, 3, 6,11, 8,  ,  ,  ,  ,  ,          ,          ,        ,
 1, 1,  ,0000002021,          ,15, 3, 6,11, 8,  ,  ,  ,  ,  ,          ,          ,        ,
 1, 1,  ,0000001145,          ,15, 4, 6,11, 8,  ,  ,  ,  ,  ,          ,          ,        ,
 1, 1,  ,0000001152,          ,15, 7, 6,11, 8,  ,  ,  ,  ,  ,          ,          ,        ,
 1, 1,  ,0000001123,          ,15,11, 6,11, 8,  ,  ,  ,  ,  ,          ,          ,        ,
 1, 1,  ,0000002012,          ,15,15, 6,11, 8,  ,  ,  ,  ,  ,          ,          ,        ,
 1, 1,  ,0000001012,          ,15,34, 6,11, 8,  ,  ,  ,  ,  ,          ,          ,        ,
 1, 1,  ,0000002027,          ,15,41, 6,11, 8,  ,  ,  ,  ,  ,          ,          ,        ,
 1, 1,  ,0000001144,          ,16, 0, 6,11, 8,  ,  ,  ,  ,  ,          ,          ,        ,
 1, 1,  ,0000001186,          ,16, 0, 6,11, 8,  ,  ,  ,  ,  ,          ,          ,        ,
 1, 1,  ,0000001158,          ,16, 0, 6,11, 8,  ,  ,  ,  ,  ,          ,          ,        ,
 1, 1,  ,0000001128,          ,16, 1, 6,11, 8,  ,  ,  ,  ,  ,          ,          ,        ,
 1, 1,  ,0000001167,          ,16, 3, 6,11, 8,  ,  ,  ,  ,  ,          ,          ,        ,
 1, 1,  ,0000001168,          ,16, 3, 6,11, 8,  ,  ,  ,  ,  ,          ,          ,        ,
 1, 1,  ,0000001192,          ,16, 3, 6,11, 8,  ,  ,  ,  ,  ,          ,          ,        ,
 1, 1,  ,0000001075,          ,16, 3, 6,11, 8,  ,  ,  ,  ,  ,          ,          ,        ,
 1, 1,  ,0000001069,          ,16, 4, 6,11, 8,  ,  ,  ,  ,  ,          ,          ,        ,
 1, 1,  ,0000001173,          ,16, 4, 6,11, 8,  ,  ,  ,  ,  ,          ,          ,        ,
 1, 1,  ,0000001188,          ,16, 4, 6,11, 8,  ,  ,  ,  ,  ,          ,          ,        ,
 1, 1,  ,0000001176,          ,16, 5, 6,11, 8,  ,  ,  ,  ,  ,          ,          ,        ,
 1, 1,  ,0000002041,          ,16,11, 6,11, 8,  ,  ,  ,  ,  ,          ,          ,        ,
 1, 1,  ,0000001141,          ,16,12, 6,11, 8,  ,  ,  ,  ,  ,          ,          ,        ,
 1, 1,  ,0000001180,          ,16,15, 6,11, 8,  ,  ,  ,  ,  ,          ,          ,        ,
 1, 1,  ,0000001155,          ,16,19, 6,11, 8,  ,  ,  ,  ,  ,          ,          ,        ,
 1, 1,  ,0000001100,          ,16,22, 6,11, 8,  ,  ,  ,  ,  ,          ,          ,        ,
 1, 1,  ,0000003016,          ,16,30, 6,11, 8,  ,  ,  ,  ,  ,          ,          ,        ,
 1, 1,  ,0000003022,          ,16,32, 6,11, 8,  ,  ,  ,  ,  ,          ,          ,        ,
 1, 1,  ,0000001175,          ,16,33, 6,11, 8,  ,  ,  ,  ,  ,          ,          ,        ,
 1, 1,  ,0000001161,          ,16,38, 6,11, 8,  ,  ,  ,  ,  ,          ,          ,        ,
 1, 1,  ,0000002038,          ,16,41, 6,11, 8,  ,  ,  ,  ,  ,          ,          ,        ,
 1, 1,  ,0000002044,          ,16,44, 6,11, 8,  ,  ,  ,  ,  ,          ,          ,        ,
 1, 1,  ,0000002026,          ,16,47, 6,11, 8,  ,  ,  ,  ,  ,          ,          ,        ,
 1, 1,  ,0000003027,          ,16,55, 6,11, 8,  ,  ,  ,  ,  ,          ,          ,        ,
 1, 1,  ,0000003031,          ,16,56, 6,11, 8,  ,  ,  ,  ,  ,          ,          ,        ,
 1, 1,  ,0000002005,          ,17, 0, 6,11, 8,  ,  ,  ,  ,  ,          ,          ,        ,
 1, 1,  ,0000002016,          ,17, 6, 6,11, 8,  ,  ,  ,  ,  ,          ,          ,        ,
 1, 1,  ,0000001055,          ,17, 8, 6,11, 8,  ,  ,  ,  ,  ,          ,          ,        ,
 1, 1,  ,0000002037,          ,17,11, 6,11, 8,  ,  ,  ,  ,  ,          ,          ,        ,
 1, 1,  ,0000002009,          ,17,11, 6,11, 8,  ,  ,  ,  ,  ,          ,          ,        ,
 1, 1,  ,0000001106,          ,17,31, 6,11, 8,  ,  ,  ,  ,  ,          ,          ,        ,
 1, 1,  ,0000001106,          ,17,31, 6,11, 8,  ,  ,  ,  ,  ,          ,          ,        ,
 1, 1,  ,0000001177,          ,17,32, 6,11, 8,  ,  ,  ,  ,  ,          ,          ,        ,
 1, 1,  ,0000001184,          ,17,33, 6,11, 8,  ,  ,  ,  ,  ,          ,          ,        ,
 1, 1,  ,0000002031,          ,17,34, 6,11, 8,  ,  ,  ,  ,  ,          ,          ,        ,
 1, 1,  ,0000001132,          ,17,42, 6,11, 8,  ,  ,  ,  ,  ,          ,          ,        ,
 1, 1,  ,0000001122,          ,17,43, 6,11, 8,  ,  ,  ,  ,  ,          ,          ,        ,
 1, 1,  ,0000003030,          ,17,56, 6,11, 8,  ,  ,  ,  ,  ,          ,          ,        ,
 1, 1,  ,0000002015,          ,18, 1, 6,11, 8,  ,  ,  ,  ,  ,          ,          ,        ,
 1, 1,  ,0000003026,          ,18, 1, 6,11, 8,  ,  ,  ,  ,  ,          ,          ,        ,
 1, 1,  ,0000001183,          ,18, 2, 6,11, 8,  ,  ,  ,  ,  ,          ,          ,        ,
 1, 1,  ,0000001102,          ,18, 3, 6,11, 8,  ,  ,  ,  ,  ,          ,          ,        ,
 1, 1,  ,0000001169,          ,18, 8, 6,11, 8,  ,  ,  ,  ,  ,          ,          ,        ,
 1, 1,  ,0000001068,          ,18,36, 6,11, 8,  ,  ,  ,  ,  ,          ,          ,        ,
 1, 1,  ,0000002036,          ,18,37, 6,11, 8,  ,  ,  ,  ,  ,          ,          ,        ,
 1, 1,  ,0000001074,          ,18,54, 6,11, 8,  ,  ,  ,  ,  ,          ,          ,        ,
 1, 1,  ,0000002040,          ,19, 1, 6,11, 8,  ,  ,  ,  ,  ,          ,          ,        ,
 1, 1,  ,0000001067,          ,19, 2, 6,11, 8,  ,  ,  ,  ,  ,          ,          ,        ,
 1, 1,  ,0000003003,          ,19, 6, 6,11, 8,  ,  ,  ,  ,  ,          ,          ,        ,
 1, 1,  ,0000001096,          ,19,25, 6,11, 8,  ,  ,  ,  ,  ,          ,          ,        ,
 1, 1,  ,0000001085,          ,19,34, 6,11, 8,  ,  ,  ,  ,  ,          ,          ,        ,
 1, 1,  ,0000001179,          ,19,34, 6,11, 8,  ,  ,  ,  ,  ,          ,          ,        ,
 1, 1,  ,0000002043,          ,19,35, 6,11, 8,  ,  ,  ,  ,  ,          ,          ,        ,
 1, 1,  ,0000002003,          ,19,44, 6,11, 8,  ,  ,  ,  ,  ,          ,          ,        ,
 1, 1,  ,0000002028,          ,20, 1, 6,11, 8,  ,  ,  ,  ,  ,          ,          ,        ,
 1, 1,  ,0000001117,          ,20, 1, 6,11, 8,  ,  ,  ,  ,  ,          ,          ,        ,
 1, 1,  ,0000001191,          ,20, 6, 6,11, 8,  ,  ,  ,  ,  ,          ,          ,        ,
 1, 1,  ,0000001146,          ,20, 6, 6,11, 8,  ,  ,  ,  ,  ,          ,          ,        ,
 1, 1,  ,0000001054,          ,20, 9, 6,11, 8,  ,  ,  ,  ,  ,          ,          ,        ,
 1, 1,  ,0000001118,          ,20, 9, 6,11, 8,  ,  ,  ,  ,  ,          ,          ,        ,
 1, 1,  ,0000001193,          ,20,10, 6,11, 8,  ,  ,  ,  ,  ,          ,          ,        ,
 1, 1,  ,0000001166,          ,20,11, 6,11, 8,  ,  ,  ,  ,  ,          ,          ,        ,
 1, 1,  ,0000001194,          ,20,11, 6,11, 8,  ,  ,  ,  ,  ,          ,          ,        ,
 1, 1,  ,0000001063,          ,20,18, 6,11, 8,  ,  ,  ,  ,  ,          ,          ,        ,
 1, 1,  ,0000001135,          ,20,18, 6,11, 8,  ,  ,  ,  ,  ,          ,          ,        ,
 1, 1,  ,0000001139,          ,21, 1, 6,11, 8,  ,  ,  ,  ,  ,          ,          ,        ,
 1, 1,  ,0000001160,          ,21, 4, 6,11, 8,  ,  ,  ,  ,  ,          ,          ,        ,
 1, 1,  ,0000001140,          ,21,15, 6,11, 8,  ,  ,  ,  ,  ,          ,          ,        ,
 1, 1,  ,0000001113,          ,22, 0, 6,11, 8,  ,  ,  ,  ,  ,          ,          ,        ,
 1, 1,  ,0000001093,          ,23,31, 6,11, 8,  ,  ,  ,  ,  ,          ,          ,        ,
 1, 1,  ,0000001171,          , 0,33, 6,12, 8,  ,  ,  ,  ,  ,          ,          ,        ,
 1, 1,  ,0000001128,          , 3, 2, 6,12, 8,  ,  ,  ,  ,  ,          ,          ,        ,
 1, 1,  ,0000001145,          , 3,43, 6,12, 8,  ,  ,  ,  ,  ,          ,          ,        ,
 1, 1,  ,0000002018,          , 3,57, 6,12, 8,  ,  ,  ,  ,  ,          ,          ,        ,
 1, 1,  ,0000001069,          , 4, 1, 6,12, 8,  ,  ,  ,  ,  ,          ,          ,        ,
 1, 1,  ,0000001192,          , 4,41, 6,12, 8,  ,  ,  ,  ,  ,          ,          ,        ,
 1, 1,  ,0000001188,          , 4,45, 6,12, 8,  ,  ,  ,  ,  ,          ,          ,        ,
 1, 1,  ,0000001077,          , 4,46, 6,12, 8,  ,  ,  ,  ,  ,          ,          ,        ,
 1, 1,  ,0000001134,          , 4,47, 6,12, 8,  ,  ,  ,  ,  ,          ,          ,        ,
 1, 1,  ,0000001063,          , 4,48, 6,12, 8,  ,  ,  ,  ,  ,          ,          ,        ,
 1, 1,  ,0000001184,          , 4,48, 6,12, 8,  ,  ,  ,  ,  ,          ,          ,        ,
 1, 1,  ,0000001138,          , 4,49, 6,12, 8,  ,  ,  ,  ,  ,          ,          ,        ,
 1, 1,  ,0000001054,          , 4,49, 6,12, 8,  ,  ,  ,  ,  ,          ,          ,        ,
 1, 1,  ,0000002035,          , 4,52, 6,12, 8,  ,  ,  ,  ,  ,          ,          ,        ,
 1, 1,  ,0000001132,          , 4,54, 6,12, 8,  ,  ,  ,  ,  ,          ,          ,        ,
 1, 1,  ,0000001167,          , 4,54, 6,12, 8,  ,  ,  ,  ,  ,          ,          ,        ,
 1, 1,  ,0000001164,          , 4,55, 6,12, 8,  ,  ,  ,  ,  ,          ,          ,        ,
 1, 1,  ,0000001085,          , 4,57, 6,12, 8,  ,  ,  ,  ,  ,          ,          ,        ,
 1, 1,  ,0000003029,          , 5, 3, 6,12, 8,  ,  ,  ,  ,  ,          ,          ,        ,
 1, 1,  ,0000001168,          , 5, 3, 6,12, 8,  ,  ,  ,  ,  ,          ,          ,        ,
 1, 1,  ,0000001180,          , 5,15, 6,12, 8,  ,  ,  ,  ,  ,          ,          ,        ,
 1, 1,  ,0000001100,          , 5,25, 6,12, 8,  ,  ,  ,  ,  ,          ,          ,        ,
 1, 1,  ,0000002030,          , 5,43, 6,12, 8,  ,  ,  ,  ,  ,          ,          ,        ,
 1, 1,  ,0000001075,          , 5,54, 6,12, 8,  ,  ,  ,  ,  ,          ,          ,        ,
 1, 1,  ,0000001130,          , 5,54, 6,12, 8,  ,  ,  ,  ,  ,          ,          ,        ,
 1, 1,  ,0000001008,          , 5,56, 6,12, 8,  ,  ,  ,  ,  ,          ,          ,        ,
 1, 1,  ,0000001177,          , 5,57, 6,12, 8,  ,  ,  ,  ,  ,          ,          ,        ,
 1, 1,  ,0000001158,          , 5,59, 6,12, 8,  ,  ,  ,  ,  ,          ,          ,        ,
 1, 1,  ,0000001144,          , 5,59, 6,12, 8,  ,  ,  ,  ,  ,          ,          ,        ,
 1, 1,  ,0000001117,          , 6,39, 6,12, 8,  ,  ,  ,  ,  ,          ,          ,        ,
 1, 1,  ,0000001030,          , 6,40, 6,12, 8,  ,  ,  ,  ,  ,          ,          ,        ,
 1, 1,  ,0000001176,          , 6,45, 6,12, 8,  ,  ,  ,  ,  ,          ,          ,        ,
 1, 1,  ,0000001146,          , 6,46, 6,12, 8,  ,  ,  ,  ,  ,          ,          ,        ,
 1, 1,  ,0000002012,          , 6,47, 6,12, 8,  ,  ,  ,  ,  ,          ,          ,        ,
 1, 1,  ,0000001122,          , 6,49, 6,12, 8,  ,  ,  ,  ,  ,          ,          ,        ,
 1, 1,  ,0000001193,          , 6,49, 6,12, 8,  ,  ,  ,  ,  ,          ,          ,        ,
 1, 1,  ,0000001194,          , 6,49, 6,12, 8,  ,  ,  ,  ,  ,          ,          ,        ,
 1, 1,  ,0000001155,          , 6,50, 6,12, 8,  ,  ,  ,  ,  ,          ,          ,        ,
 1, 1,  ,0000001012,          , 6,51, 6,12, 8,  ,  ,  ,  ,  ,          ,          ,        ,
 1, 1,  ,0000002044,          , 6,52, 6,12, 8,  ,  ,  ,  ,  ,          ,          ,        ,
 1, 1,  ,0000001151,          , 6,54, 6,12, 8,  ,  ,  ,  ,  ,          ,          ,        ,
 1, 1,  ,0000001055,          , 6,54, 6,12, 8,  ,  ,  ,  ,  ,          ,          ,        ,
 1, 1,  ,0000001141,          , 6,54, 6,12, 8,  ,  ,  ,  ,  ,          ,          ,        ,
 1, 1,  ,0000001118,          , 6,55, 6,12, 8,  ,  ,  ,  ,  ,          ,          ,        ,
 1, 1,  ,0000002007,          , 6,55, 6,12, 8,  ,  ,  ,  ,  ,          ,          ,        ,
 1, 1,  ,0000001106,          , 6,56, 6,12, 8,  ,  ,  ,  ,  ,          ,          ,        ,
 1, 1,  ,0000002026,          , 6,57, 6,12, 8,  ,  ,  ,  ,  ,          ,          ,        ,
 1, 1,  ,0000002038,          , 6,58, 6,12, 8,  ,  ,  ,  ,  ,          ,          ,        ,
 1, 1,  ,0000001175,          , 6,58, 6,12, 8,  ,  ,  ,  ,  ,          ,          ,        ,
 1, 1,  ,0000002021,          , 6,59, 6,12, 8,  ,  ,  ,  ,  ,          ,          ,        ,
 1, 1,  ,0000001161,          , 6,59, 6,12, 8,  ,  ,  ,  ,  ,          ,          ,        ,
 1, 1,  ,0000001152,          , 6,59, 6,12, 8,  ,  ,  ,  ,  ,          ,          ,        ,
 1, 1,  ,0000002040,          , 7, 2, 6,12, 8,  ,  ,  ,  ,  ,          ,          ,        ,
 1, 1,  ,0000001135,          , 7, 2, 6,12, 8,  ,  ,  ,  ,  ,          ,          ,        ,
 1, 1,  ,0000001123,          , 7, 3, 6,12, 8,  ,  ,  ,  ,  ,          ,          ,        ,
 1, 1,  ,0000002027,          , 7, 3, 6,12, 8,  ,  ,  ,  ,  ,          ,          ,        ,
 1, 1,  ,0000001102,          , 7, 3, 6,12, 8,  ,  ,  ,  ,  ,          ,          ,        ,
 1, 1,  ,0000001068,          , 7, 3, 6,12, 8,  ,  ,  ,  ,  ,          ,          ,        ,
 1, 1,  ,0000003026,          , 7, 4, 6,12, 8,  ,  ,  ,  ,  ,          ,          ,        ,
 1, 1,  ,0000002009,          , 7, 7, 6,12, 8,  ,  ,  ,  ,  ,          ,          ,        ,
 1, 1,  ,0000002032,          , 7, 7, 6,12, 8,  ,  ,  ,  ,  ,          ,          ,        ,
 1, 1,  ,0000002031,          , 7, 8, 6,12, 8,  ,  ,  ,  ,  ,          ,          ,        ,
 1, 1,  ,0000002005,          , 7,25, 6,12, 8,  ,  ,  ,  ,  ,          ,          ,        ,
 1, 1,  ,0000001183,          , 7,27, 6,12, 8,  ,  ,  ,  ,  ,          ,          ,        ,
 1, 1,  ,0000001105,          , 7,51, 6,12, 8,  ,  ,  ,  ,  ,          ,          ,        ,
 1, 1,  ,0000001186,          , 7,51, 6,12, 8,  ,  ,  ,  ,  ,          ,          ,        ,
 1, 1,  ,0000002037,          , 7,53, 6,12, 8,  ,  ,  ,  ,  ,          ,          ,        ,
 1, 1,  ,0000003027,          , 7,53, 6,12, 8,  ,  ,  ,  ,  ,          ,          ,        ,
 1, 1,  ,0000003016,          , 7,57, 6,12, 8,  ,  ,  ,  ,  ,          ,          ,        ,
 1, 1,  ,0000003030,          , 7,58, 6,12, 8,  ,  ,  ,  ,  ,          ,          ,        ,
 1, 1,  ,0000002015,          , 8, 0, 6,12, 8,  ,  ,  ,  ,  ,          ,          ,        ,
 1, 1,  ,0000003031,          , 8, 3, 6,12, 8,  ,  ,  ,  ,  ,          ,          ,        ,
 1, 1,  ,0000002016,          , 8,17, 6,12, 8,  ,  ,  ,  ,  ,          ,          ,        ,
 1, 1,  ,0000003022,          , 8,20, 6,12, 8,  ,  ,  ,  ,  ,          ,          ,        ,
 1, 1,  ,0000001067,          , 8,21, 6,12, 8,  ,  ,  ,  ,  ,          ,          ,        ,
