 1, 1,  ,0000001074,          , 8,38, 5,26, 8,  ,  ,  ,  ,  ,          ,          ,        ,
 1, 1,  ,0000001105,          , 8,43, 5,26, 8,  ,  ,  ,  ,  ,          ,          ,        ,
 1, 1,  ,0000002015,          , 8,55, 5,26, 8,  ,  ,  ,  ,  ,          ,          ,        ,
 1, 1,  ,0000002037,          , 8,57, 5,26, 8,  ,  ,  ,  ,  ,          ,          ,        ,
 1, 1,  ,0000001169,          , 8,58, 5,26, 8,  ,  ,  ,  ,  ,          ,          ,        ,
 1, 1,  ,0000001158,          , 8,58, 5,26, 8,  ,  ,  ,  ,  ,          ,          ,        ,
 1, 1,  ,0000001096,          , 9, 5, 5,26, 8,  ,  ,  ,  ,  ,          ,          ,        ,
 1, 1,  ,0000001117,          , 9,40, 5,26, 8,  ,  ,  ,  ,  ,          ,          ,        ,
 1, 1,  ,0000001122,          , 9,44, 5,26, 8,  ,  ,  ,  ,  ,          ,          ,        ,
 1, 1,  ,0000001054,          , 9,46, 5,26, 8,  ,  ,  ,  ,  ,          ,          ,        ,
 1, 1,  ,0000002028,          , 9,54, 5,26, 8,  ,  ,  ,  ,  ,          ,          ,        ,
 1, 1,  ,0000001145,          , 9,55, 5,26, 8,  ,  ,  ,  ,  ,          ,          ,        ,
 1, 1,  ,0000002003,          , 9,57, 5,26, 8,  ,  ,  ,  ,  ,          ,          ,        ,
 1, 1,  ,0000002027,          ,10, 1, 5,26, 8,  ,  ,  ,  ,  ,          ,          ,        ,
 1, 1,  ,0000001139,          ,10,20, 5,26, 8,  ,  ,  ,  ,  ,          ,          ,        ,
 1, 1,  ,0000001140,          ,10,26, 5,26, 8,  ,  ,  ,  ,  ,          ,          ,        ,
 1, 1,  ,0000003003,          ,10,31, 5,26, 8,  ,  ,  ,  ,  ,          ,          ,        ,
 1, 1,  ,0000001063,          ,10,31, 5,26, 8,  ,  ,  ,  ,  ,          ,          ,        ,
 1, 1,  ,0000001161,          ,10,54, 5,26, 8,  ,  ,  ,  ,  ,          ,          ,        ,
 1, 1,  ,0000001175,          ,10,58, 5,26, 8,  ,  ,  ,  ,  ,          ,          ,        ,
 1, 1,  ,0000001153,          ,11, 5, 5,26, 8,  ,  ,  ,  ,  ,          ,          ,        ,
 1, 1,  ,0000001118,          ,11,10, 5,26, 8,  ,  ,  ,  ,  ,          ,          ,        ,
 1, 1,  ,0000001149,          ,11,18, 5,26, 8,  ,  ,  ,  ,  ,          ,          ,        ,
 1, 1,  ,0000001138,          ,11,54, 5,26, 8,  ,  ,  ,  ,  ,          ,          ,        ,
 1, 1,  ,0000001160,          ,11,57, 5,26, 8,  ,  ,  ,  ,  ,          ,          ,        ,
 1, 1,  ,0000001135,          ,12, 0, 5,26, 8,  ,  ,  ,  ,  ,          ,          ,        ,
 1, 1,  ,0000002018,          ,12,21, 5,26, 8,  ,  ,  ,  ,  ,          ,          ,        ,
 1, 1,  ,0000002038,          ,12,57, 5,26, 8,  ,  ,  ,  ,  ,          ,          ,        ,
 1, 1,  ,0000001181,          ,13, 1, 5,26, 8,  ,  ,  ,  ,  ,          ,          ,        ,
 1, 1,  ,0000001185,          ,13, 4, 5,26, 8,  ,  ,  ,  ,  ,          ,          ,        ,
 1, 1,  ,0000001077,          ,13, 5, 5,26, 8,  ,  ,  ,  ,  ,          ,          ,        ,
 1, 1,  ,0000003029,          ,13, 5, 5,26, 8,  ,  ,  ,  ,  ,          ,          ,        ,
 1, 1,  ,0000001134,          ,13,10, 5,26, 8,  ,  ,  ,  ,  ,          ,          ,        ,
 1, 1,  ,0000002007,          ,13,10, 5,26, 8,  ,  ,  ,  ,  ,          ,          ,        ,
 1, 1,  ,0000002030,          ,13,11, 5,26, 8,  ,  ,  ,  ,  ,          ,          ,        ,
 1, 1,  ,0000001166,          ,13,17, 5,26, 8,  ,  ,  ,  ,  ,          ,          ,        ,
 1, 1,  ,0000001193,          ,13,17, 5,26, 8,  ,  ,  ,  ,  ,          ,          ,        ,
 1, 1,  ,0000001142,          ,13,17, 5,26, 8,  ,  ,  ,  ,  ,          ,          ,        ,
 1, 1,  ,0000001191,          ,13,21, 5,26, 8,  ,  ,  ,  ,  ,          ,          ,        ,
 1, 1,  ,0000001085,          ,13,40, 5,26, 8,  ,  ,  ,  ,  ,          ,          ,        ,
 1, 1,  ,0000001069,          ,13,47, 5,26, 8,  ,  ,  ,  ,  ,          ,          ,        ,
 1, 1,  ,0000002035,          ,14, 0, 5,26, 8,  ,  ,  ,  ,  ,          ,          ,        ,
 1, 1,  ,0000001137,          ,14, 2, 5,26, 8,  ,  ,  ,  ,  ,          ,          ,        ,
 1, 1,  ,0000001100,          ,14,10, 5,26, 8,  ,  ,  ,  ,  ,          ,          ,        ,
 1, 1,  ,0000001177,          ,14,13, 5,26, 8,  ,  ,  ,  ,  ,          ,          ,        ,
 1, 1,  ,0000001130,          ,14,13, 5,26, 8,  ,  ,  ,  ,  ,          ,          ,        ,
 1, 1,  ,0000001075,          ,14,14, 5,26, 8,  ,  ,  ,  ,  ,          ,          ,        ,
 1, 1,  ,0000001144,          ,14,14, 5,26, 8,  ,  ,  ,  ,  ,          ,          ,        ,
 1, 1,  ,0000001008,          ,14,22, 5,26, 8,  ,  ,  ,  ,  ,          ,          ,        ,
 1, 1,  ,0000001158,          ,14,22, 5,26, 8,  ,  ,  ,  ,  ,          ,          ,        ,
 1, 1,  ,0000001128,          ,14,47, 5,26, 8,  ,  ,  ,  ,  ,          ,          ,        ,
 1, 1,  ,0000001030,          ,15, 1, 5,26, 8,  ,  ,  ,  ,  ,          ,          ,        ,
 1, 1,  ,0000001123,          ,15, 4, 5,26, 8,  ,  ,  ,  ,  ,          ,          ,        ,
 1, 1,  ,0000002032,          ,15, 4, 5,26, 8,  ,  ,  ,  ,  ,          ,          ,        ,
 1, 1,  ,0000001179,          ,15, 9, 5,26, 8,  ,  ,  ,  ,  ,          ,          ,        ,
 1, 1,  ,0000002043,          ,15, 9, 5,26, 8,  ,  ,  ,  ,  ,          ,          ,        ,
 1, 1,  ,0000001151,          ,15,10, 5,26, 8,  ,  ,  ,  ,  ,          ,          ,        ,
 1, 1,  ,0000002021,          ,15,10, 5,26, 8,  ,  ,  ,  ,  ,          ,          ,        ,
 1, 1,  ,0000001173,          ,15,22, 5,26, 8,  ,  ,  ,  ,  ,          ,          ,        ,
 1, 1,  ,0000001176,          ,15,22, 5,26, 8,  ,  ,  ,  ,  ,          ,          ,        ,
 1, 1,  ,0000002041,          ,15,30, 5,26, 8,  ,  ,  ,  ,  ,          ,          ,        ,
 1, 1,  ,0000001113,          ,15,34, 5,26, 8,  ,  ,  ,  ,  ,          ,          ,        ,
 1, 1,  ,0000001155,          ,15,34, 5,26, 8,  ,  ,  ,  ,  ,          ,          ,        ,
 1, 1,  ,0000001012,          ,15,41, 5,26, 8,  ,  ,  ,  ,  ,          ,          ,        ,
 1, 1,  ,0000002026,          ,15,52, 5,26, 8,  ,  ,  ,  ,  ,          ,          ,        ,
 1, 1,  ,0000001183,          ,16, 0, 5,26, 8,  ,  ,  ,  ,  ,          ,          ,        ,
 1, 1,  ,0000001068,          ,16, 1, 5,26, 8,  ,  ,  ,  ,  ,          ,          ,        ,
 1, 1,  ,0000001180,          ,16,21, 5,26, 8,  ,  ,  ,  ,  ,          ,          ,        ,
 1, 1,  ,0000002009,          ,16,28, 5,26, 8,  ,  ,  ,  ,  ,          ,          ,        ,
 1, 1,  ,0000001186,          ,16,32, 5,26, 8,  ,  ,  ,  ,  ,          ,          ,        ,
 1, 1,  ,0000003022,          ,16,32, 5,26, 8,  ,  ,  ,  ,  ,          ,          ,        ,
 1, 1,  ,0000003019,          ,16,36, 5,26, 8,  ,  ,  ,  ,  ,          ,          ,        ,
 1, 1,  ,0000002031,          ,16,53, 5,26, 8,  ,  ,  ,  ,  ,          ,          ,        ,
 1, 1,  ,0000003031,          ,16,54, 5,26, 8,  ,  ,  ,  ,  ,          ,          ,        ,
 1, 1,  ,0000003027,          ,16,55, 5,26, 8,  ,  ,  ,  ,  ,          ,          ,        ,
 1, 1,  ,0000002037,          ,17, 2, 5,26, 8,  ,  ,  ,  ,  ,          ,          ,        ,
 1, 1,  ,0000003030,          ,17, 9, 5,26, 8,  ,  ,  ,  ,  ,          ,          ,        ,
 1, 1,  ,0000001149,          ,17,10, 5,26, 8,  ,  ,  ,  ,  ,          ,          ,        ,
 1, 1,  ,0000001149,          ,17,11, 5,26, 8,  ,  ,  ,  ,  ,          ,          ,        ,
 1, 1,  ,0000001074,          ,17,12, 5,26, 8,  ,  ,  ,  ,  ,          ,          ,        ,
 1, 1,  ,0000001093,          ,17,46, 5,26, 8,  ,  ,  ,  ,  ,          ,          ,        ,
 1, 1,  ,0000001169,          ,17,46, 5,26, 8,  ,  ,  ,  ,  ,          ,          ,        ,
 1, 1,  ,0000002016,          ,18,12, 5,26, 8,  ,  ,  ,  ,  ,          ,          ,        ,
 1, 1,  ,0000002036,          ,18,16, 5,26, 8,  ,  ,  ,  ,  ,          ,          ,        ,
 1, 1,  ,0000001168,          ,18,17, 5,26, 8,  ,  ,  ,  ,  ,          ,          ,        ,
 1, 1,  ,0000003026,          ,18,25, 5,26, 8,  ,  ,  ,  ,  ,          ,          ,        ,
 1, 1,  ,0000001192,          ,18,29, 5,26, 8,  ,  ,  ,  ,  ,          ,          ,        ,
 1, 1,  ,0000001188,          ,18,30, 5,26, 8,  ,  ,  ,  ,  ,          ,          ,        ,
 1, 1,  ,0000001096,          ,18,42, 5,26, 8,  ,  ,  ,  ,  ,          ,          ,        ,
 1, 1,  ,0000001067,          ,18,43, 5,26, 8,  ,  ,  ,  ,  ,          ,          ,        ,
 1, 1,  ,0000001141,          ,18,44, 5,26, 8,  ,  ,  ,  ,  ,          ,          ,        ,
 1, 1,  ,0000003003,          ,18,55, 5,26, 8,  ,  ,  ,  ,  ,          ,          ,        ,
 1, 1,  ,0000001122,          ,19, 4, 5,26, 8,  ,  ,  ,  ,  ,          ,          ,        ,
 1, 1,  ,0000001187,          ,19, 7, 5,26, 8,  ,  ,  ,  ,  ,          ,          ,        ,
 1, 1,  ,0000002040,          ,19,16, 5,26, 8,  ,  ,  ,  ,  ,          ,          ,        ,
 1, 1,  ,0000001161,          ,19,32, 5,26, 8,  ,  ,  ,  ,  ,          ,          ,        ,
 1, 1,  ,0000001175,          ,19,37, 5,26, 8,  ,  ,  ,  ,  ,          ,          ,        ,
 1, 1,  ,0000001153,          ,19,38, 5,26, 8,  ,  ,  ,  ,  ,          ,          ,        ,
 1, 1,  ,0000001054,          ,19,44, 5,26, 8,  ,  ,  ,  ,  ,          ,          ,        ,
 1, 1,  ,0000001132,          ,19,48, 5,26, 8,  ,  ,  ,  ,  ,          ,          ,        ,
 1, 1,  ,0000001167,          ,19,48, 5,26, 8,  ,  ,  ,  ,  ,          ,          ,        ,
 1, 1,  ,0000001117,          ,19,49, 5,26, 8,  ,  ,  ,  ,  ,          ,          ,        ,
 1, 1,  ,0000001138,          ,19,49, 5,26, 8,  ,  ,  ,  ,  ,          ,          ,        ,
 1, 1,  ,0000001118,          ,19,56, 5,26, 8,  ,  ,  ,  ,  ,          ,          ,        ,
 1, 1,  ,0000001194,          ,19,57, 5,26, 8,  ,  ,  ,  ,  ,          ,          ,        ,
 1, 1,  ,0000001171,          ,20, 1, 5,26, 8,  ,  ,  ,  ,  ,          ,          ,        ,
 1, 1,  ,0000001163,          ,20, 1, 5,26, 8,  ,  ,  ,  ,  ,          ,          ,        ,
 1, 1,  ,0000001063,          ,20,10, 5,26, 8,  ,  ,  ,  ,  ,          ,          ,        ,
 1, 1,  ,0000001160,          ,20,11, 5,26, 8,  ,  ,  ,  ,  ,          ,          ,        ,
 1, 1,  ,0000001145,          ,20,32, 5,26, 8,  ,  ,  ,  ,  ,          ,          ,        ,
 1, 1,  ,0000002027,          ,20,36, 5,26, 8,  ,  ,  ,  ,  ,          ,          ,        ,
 1, 1,  ,0000002012,          ,20,44, 5,26, 8,  ,  ,  ,  ,  ,          ,          ,        ,
 1, 1,  ,0000001106,          ,20,49, 5,26, 8,  ,  ,  ,  ,  ,          ,          ,        ,
 1, 1,  ,0000002028,          ,21, 1, 5,26, 8,  ,  ,  ,  ,  ,          ,          ,        ,
 1, 1,  ,0000002003,          ,21, 2, 5,26, 8,  ,  ,  ,  ,  ,          ,          ,        ,
 1, 1,  ,0000002038,          ,21,36, 5,26, 8,  ,  ,  ,  ,  ,          ,          ,        ,
 1, 1,  ,0000001055,          ,22, 1, 5,26, 8,  ,  ,  ,  ,  ,          ,          ,        ,
 1, 1,  ,0000001102,          ,22, 1, 5,26, 8,  ,  ,  ,  ,  ,          ,          ,        ,
 1, 1,  ,0000001135,          ,22,38, 5,26, 8,  ,  ,  ,  ,  ,          ,          ,        ,
 1, 1,  ,0000001140,          ,22,40, 5,26, 8,  ,  ,  ,  ,  ,          ,          ,        ,
 1, 1,  ,0000002005,          ,22,40, 5,26, 8,  ,  ,  ,  ,  ,          ,          ,        ,
 1, 1,  ,0000002018,          , 1,34, 5,27, 8,  ,  ,  ,  ,  ,          ,          ,        ,
 1, 1,  ,0000001139,          , 1,58, 5,27, 8,  ,  ,  ,  ,  ,          ,          ,        ,
 1, 1,  ,0000001128,          , 2,23, 5,27, 8,  ,  ,  ,  ,  ,          ,          ,        ,
 1, 1,  ,0000001069,          , 3, 6, 5,27, 8,  ,  ,  ,  ,  ,          ,          ,        ,
 1, 1,  ,0000001176,          , 3,36, 5,27, 8,  ,  ,  ,  ,  ,          ,          ,        ,
 1, 1,  ,0000001173,          , 3,38, 5,27, 8,  ,  ,  ,  ,  ,          ,          ,        ,
 1, 1,  ,0000001192,          , 3,40, 5,27, 8,  ,  ,  ,  ,  ,          ,          ,        ,
 1, 1,  ,0000001137,          , 3,41, 5,27, 8,  ,  ,  ,  ,  ,          ,          ,        ,
 1, 1,  ,0000001171,          , 3,46, 5,27, 8,  ,  ,  ,  ,  ,          ,          ,        ,
 1, 1,  ,0000001142,          , 3,53, 5,27, 8,  ,  ,  ,  ,  ,          ,          ,        ,
 1, 1,  ,0000001191,          , 3,59, 5,27, 8,  ,  ,  ,  ,  ,          ,          ,        ,
 1, 1,  ,0000002012,          , 4,46, 5,27, 8,  ,  ,  ,  ,  ,          ,          ,        ,
 1, 1,  ,0000001134,          , 4,47, 5,27, 8,  ,  ,  ,  ,  ,          ,          ,        ,
 1, 1,  ,0000001077,          , 4,47, 5,27, 8,  ,  ,  ,  ,  ,          ,          ,        ,
 1, 1,  ,0000001185,          , 4,49, 5,27, 8,  ,  ,  ,  ,  ,          ,          ,        ,
 1, 1,  ,0000001151,          , 4,56, 5,27, 8,  ,  ,  ,  ,  ,          ,          ,        ,
 1, 1,  ,0000003029,          , 4,58, 5,27, 8,  ,  ,  ,  ,  ,          ,          ,        ,
 1, 1,  ,0000002027,          , 4,59, 5,27, 8,  ,  ,  ,  ,  ,          ,          ,        ,
 1, 1,  ,0000002035,          , 5, 2, 5,27, 8,  ,  ,  ,  ,  ,          ,          ,        ,
 1, 1,  ,0000002030,          , 5, 4, 5,27, 8,  ,  ,  ,  ,  ,          ,          ,        ,
 1, 1,  ,0000001180,          , 5, 7, 5,27, 8,  ,  ,  ,  ,  ,          ,          ,        ,
 1, 1,  ,0000001100,          , 5,29, 5,27, 8,  ,  ,  ,  ,  ,          ,          ,        ,
 1, 1,  ,0000001155,          , 5,52, 5,27, 8,  ,  ,  ,  ,  ,          ,          ,        ,
 1, 1,  ,0000001181,          , 5,53, 5,27, 8,  ,  ,  ,  ,  ,          ,          ,        ,
 1, 1,  ,0000001075,          , 5,54, 5,27, 8,  ,  ,  ,  ,  ,          ,          ,        ,
 1, 1,  ,0000002032,          , 5,55, 5,27, 8,  ,  ,  ,  ,  ,          ,          ,        ,
 1, 1,  ,0000001177,          , 5,56, 5,27, 8,  ,  ,  ,  ,  ,          ,          ,        ,
 1, 1,  ,0000001158,          , 5,59, 5,27, 8,  ,  ,  ,  ,  ,          ,          ,        ,
 1, 1,  ,0000001144,          , 6, 0, 5,27, 8,  ,  ,  ,  ,  ,          ,          ,        ,
 1, 1,  ,0000001130,          , 6, 0, 5,27, 8,  ,  ,  ,  ,  ,          ,          ,        ,
 1, 1,  ,0000001167,          , 6,48, 5,27, 8,  ,  ,  ,  ,  ,          ,          ,        ,
 1, 1,  ,0000001188,          , 6,50, 5,27, 8,  ,  ,  ,  ,  ,          ,          ,        ,
 1, 1,  ,0000001030,          , 6,51, 5,27, 8,  ,  ,  ,  ,  ,          ,          ,        ,
 1, 1,  ,0000001168,          , 6,53, 5,27, 8,  ,  ,  ,  ,  ,          ,          ,        ,
 1, 1,  ,0000001132,          , 6,54, 5,27, 8,  ,  ,  ,  ,  ,          ,          ,        ,
 1, 1,  ,0000002043,          , 6,54, 5,27, 8,  ,  ,  ,  ,  ,          ,          ,        ,
 1, 1,  ,0000001179,          , 6,55, 5,27, 8,  ,  ,  ,  ,  ,          ,          ,        ,
 1, 1,  ,0000001012,          , 6,56, 5,27, 8,  ,  ,  ,  ,  ,          ,          ,        ,
 1, 1,  ,0000001123,          , 6,57, 5,27, 8,  ,  ,  ,  ,  ,          ,          ,        ,
 1, 1,  ,0000002021,          , 6,58, 5,27, 8,  ,  ,  ,  ,  ,          ,          ,        ,
 1, 1,  ,0000002026,          , 6,59, 5,27, 8,  ,  ,  ,  ,  ,          ,          ,        ,
 1, 1,  ,0000001169,          , 7, 1, 5,27, 8,  ,  ,  ,  ,  ,          ,          ,        ,
 1, 1,  ,0000001093,          , 7, 1, 5,27, 8,  ,  ,  ,  ,  ,          ,          ,        ,
 1, 1,  ,0000001153,          , 7, 1, 5,27, 8,  ,  ,  ,  ,  ,          ,          ,        ,
 1, 1,  ,0000002007,          , 7, 2, 5,27, 8,  ,  ,  ,  ,  ,          ,          ,        ,
 1, 1,  ,0000003026,          , 7, 3, 5,27, 8,  ,  ,  ,  ,  ,          ,          ,        ,
 1, 1,  ,0000002031,          , 7, 5, 5,27, 8,  ,  ,  ,  ,  ,          ,          ,        ,
 1, 1,  ,0000002040,          , 7,10, 5,27, 8,  ,  ,  ,  ,  ,          ,          ,        ,
 1, 1,  ,0000001187,          , 7,14, 5,27, 8,  ,  ,  ,  ,  ,          ,          ,        ,
 1, 1,  ,0000002036,          , 7,25, 5,27, 8,  ,  ,  ,  ,  ,          ,          ,        ,
 1, 1,  ,0000001183,          , 7,29, 5,27, 8,  ,  ,  ,  ,  ,          ,          ,        ,
 1, 1,  ,0000002005,          , 7,30, 5,27, 8,  ,  ,  ,  ,  ,          ,          ,        ,
 1, 1,  ,0000002003,          , 7,31, 5,27, 8,  ,  ,  ,  ,  ,          ,          ,        ,
 1, 1,  ,0000003003,          , 7,36, 5,27, 8,  ,  ,  ,  ,  ,          ,          ,        ,
 1, 1,  ,0000001068,          , 7,44, 5,27, 8,  ,  ,  ,  ,  ,          ,          ,        ,
 1, 1,  ,0000001149,          , 7,44, 5,27, 8,  ,  ,  ,  ,  ,          ,          ,        ,
 1, 1,  ,0000001186,          , 7,46, 5,27, 8,  ,  ,  ,  ,  ,          ,          ,        ,
 1, 1,  ,0000002037,          , 7,55, 5,27, 8,  ,  ,  ,  ,  ,          ,          ,        ,
 1, 1,  ,0000003016,          , 7,58, 5,27, 8,  ,  ,  ,  ,  ,          ,          ,        ,
 1, 1,  ,0000001067,          , 8, 0, 5,27, 8,  ,  ,  ,  ,  ,          ,          ,        ,
 1, 1,  ,0000001063,          , 8, 0, 5,27, 8,  ,  ,  ,  ,  ,          ,          ,        ,
 1, 1,  ,0000003030,          , 8, 1, 5,27, 8,  ,  ,  ,  ,  ,          ,          ,        ,
 1, 1,  ,0000002009,          , 8, 5, 5,27, 8,  ,  ,  ,  ,  ,          ,          ,        ,
 1, 1,  ,0000003027,          , 8, 5, 5,27, 8,  ,  ,  ,  ,  ,          ,          ,        ,
 1, 1,  ,0000003031,          , 8,11, 5,27, 8,  ,  ,  ,  ,  ,          ,          ,        ,
 1, 1,  ,0000001074,          , 8,12, 5,27, 8,  ,  ,  ,  ,  ,          ,          ,        ,
 1, 1,  ,0000002016,          , 8,21, 5,27, 8,  ,  ,  ,  ,  ,          ,          ,        ,
 1, 1,  ,0000003022,          , 8,26, 5,27, 8,  ,  ,  ,  ,  ,          ,          ,        ,
 1, 1,  ,0000001008,          , 8,27, 5,27, 8,  ,  ,  ,  ,  ,          ,          ,        ,
 1, 1,  ,0000003019,          , 8,31, 5,27, 8,  ,  ,  ,  ,  ,          ,          ,        ,
 1, 1,  ,0000001096,          , 9, 2, 5,27, 8,  ,  ,  ,  ,  ,          ,          ,        ,
 1, 1,  ,0000001113,          , 9, 2, 5,27, 8,  ,  ,  ,  ,  ,          ,          ,        ,
